D:\envs\ptl\Scripts\python.exe "C:/Program Files/JetBrains/PyCharm 2022.2.4/plugins/python/helpers/pydev/pydevconsole.py" --mode=client --host=127.0.0.1 --port=62436 
import sys; print('Python %s on %s' % (sys.version, sys.platform))
sys.path.extend(['D:\\experiments\\invasive\\actor-critic-for-ecology'])
Python 3.9.12 (main, Apr  4 2022, 05:22:27) [MSC v.1916 64 bit (AMD64)]
Type 'copyright', 'credits' or 'license' for more information
IPython 8.7.0 -- An enhanced Interactive Python. Type '?' for help.
PyDev console: using IPython 8.7.0
Python 3.9.12 (main, Apr  4 2022, 05:22:27) [MSC v.1916 64 bit (AMD64)] on win32
runfile('D:\\experiments\\invasive\\actor-critic-for-ecology\\main.py', wdir='D:\\experiments\\invasive\\actor-critic-for-ecology')
Episode 0, Step 0: Acted on 631 cells; score -14.1, population 11010, occupied cells: 1112
Episode 0, Step 25: Acted on 614 cells; score -203.4, population 583, occupied cells: 28
Episode 1, Step 0: Acted on 615 cells; score -14.0, population 11040, occupied cells: 1109
Episode 1, Step 25: Acted on 598 cells; score -206.7, population 302, occupied cells: 40
Episode 2, Step 0: Acted on 610 cells; score -14.0, population 11041, occupied cells: 1122
Episode 2, Step 25: Acted on 605 cells; score -209.6, population 315, occupied cells: 35
Episode 3, Step 0: Acted on 614 cells; score -13.9, population 10908, occupied cells: 1118
Episode 3, Step 25: Acted on 612 cells; score -213.0, population 228, occupied cells: 28
Episode 4, Step 0: Acted on 606 cells; score -14.0, population 11072, occupied cells: 1127
Episode 4, Step 25: Acted on 580 cells; score -203.5, population 303, occupied cells: 34
Episode 5, Step 0: Acted on 588 cells; score -14.0, population 11300, occupied cells: 1112
Episode 5, Step 25: Acted on 620 cells; score -206.8, population 376, occupied cells: 35
Episode 6, Step 0: Acted on 619 cells; score -13.8, population 10654, occupied cells: 1114
Episode 6, Step 25: Acted on 620 cells; score -209.2, population 207, occupied cells: 32
Episode 7, Step 0: Acted on 632 cells; score -13.9, population 10746, occupied cells: 1122
Episode 7, Step 25: Acted on 647 cells; score -197.5, population 325, occupied cells: 24
Episode 8, Step 0: Acted on 638 cells; score -14.2, population 10979, occupied cells: 1103
Episode 8, Step 25: Acted on 648 cells; score -211.7, population 161, occupied cells: 14
Episode 9, Step 0: Acted on 653 cells; score -14.0, population 10631, occupied cells: 1107
Episode 9, Step 25: Acted on 704 cells; score -205.1, population 274, occupied cells: 14
Episode 9, Step 50: Acted on 711 cells; score -355.2, population 50, occupied cells: 2
Episode 9, Step 75: Acted on 756 cells; score -508.6, population 1, occupied cells: 1
Episode 10, Step 0: Acted on 718 cells; score -13.9, population 9844, occupied cells: 1106
Episode 10, Step 25: Acted on 844 cells; score -210.4, population 5, occupied cells: 2
Episode 11, Step 0: Acted on 755 cells; score -14.0, population 9652, occupied cells: 1101
Episode 11, Step 25: Acted on 928 cells; score -216.5, population 131, occupied cells: 3
Episode 12, Step 0: Acted on 762 cells; score -13.9, population 9358, occupied cells: 1100
Episode 13, Step 0: Acted on 823 cells; score -14.0, population 8932, occupied cells: 1096
Episode 14, Step 0: Acted on 826 cells; score -13.7, population 8513, occupied cells: 1101
Episode 15, Step 0: Acted on 876 cells; score -13.7, population 8022, occupied cells: 1095
Episode 16, Step 0: Acted on 908 cells; score -13.7, population 7654, occupied cells: 1075
Episode 17, Step 0: Acted on 895 cells; score -14.0, population 8248, occupied cells: 1088
Episode 18, Step 0: Acted on 893 cells; score -13.9, population 8142, occupied cells: 1080
Episode 19, Step 0: Acted on 963 cells; score -13.8, population 7265, occupied cells: 1085
Episode 20, Step 0: Acted on 967 cells; score -13.6, population 6969, occupied cells: 1087
Episode 21, Step 0: Acted on 977 cells; score -13.6, population 6946, occupied cells: 1074
Episode 22, Step 0: Acted on 974 cells; score -13.7, population 7037, occupied cells: 1074
Episode 23, Step 0: Acted on 1009 cells; score -13.7, population 6638, occupied cells: 1074
Episode 24, Step 0: Acted on 998 cells; score -13.8, population 6940, occupied cells: 1065
Episode 25, Step 0: Acted on 1033 cells; score -13.7, population 6497, occupied cells: 1075
Episode 26, Step 0: Acted on 1019 cells; score -13.9, population 6866, occupied cells: 1073
Episode 27, Step 0: Acted on 1003 cells; score -13.9, population 6964, occupied cells: 1079
Episode 28, Step 0: Acted on 1019 cells; score -13.9, population 6800, occupied cells: 1076
Episode 29, Step 0: Acted on 1049 cells; score -13.7, population 6272, occupied cells: 1068
Episode 30, Step 0: Acted on 1042 cells; score -13.8, population 6426, occupied cells: 1071
Episode 31, Step 0: Acted on 1076 cells; score -13.7, population 5968, occupied cells: 1074
Episode 32, Step 0: Acted on 1053 cells; score -13.9, population 6520, occupied cells: 1085
Episode 33, Step 0: Acted on 1056 cells; score -13.7, population 6272, occupied cells: 1068
Episode 34, Step 0: Acted on 1073 cells; score -13.8, population 6166, occupied cells: 1067
Episode 35, Step 0: Acted on 1069 cells; score -13.8, population 6264, occupied cells: 1063
Episode 36, Step 0: Acted on 1084 cells; score -13.7, population 5940, occupied cells: 1052
Episode 37, Step 0: Acted on 1058 cells; score -13.6, population 6089, occupied cells: 1072
Episode 38, Step 0: Acted on 1083 cells; score -13.8, population 6021, occupied cells: 1056
Episode 39, Step 0: Acted on 1091 cells; score -13.8, population 6006, occupied cells: 1058
Episode 40, Step 0: Acted on 1101 cells; score -13.9, population 6049, occupied cells: 1060
Episode 41, Step 0: Acted on 1092 cells; score -13.9, population 6065, occupied cells: 1081
Episode 42, Step 0: Acted on 1104 cells; score -13.7, population 5789, occupied cells: 1066
Episode 43, Step 0: Acted on 1109 cells; score -13.8, population 5784, occupied cells: 1060
Episode 44, Step 0: Acted on 1114 cells; score -13.6, population 5483, occupied cells: 1073
Episode 45, Step 0: Acted on 1116 cells; score -13.5, population 5432, occupied cells: 1067
Episode 46, Step 0: Acted on 1124 cells; score -13.5, population 5318, occupied cells: 1065
Episode 47, Step 0: Acted on 1114 cells; score -13.7, population 5582, occupied cells: 1067
Episode 48, Step 0: Acted on 1128 cells; score -13.7, population 5529, occupied cells: 1073
Episode 49, Step 0: Acted on 1124 cells; score -13.8, population 5687, occupied cells: 1064
Episode 50, Step 0: Acted on 1123 cells; score -13.6, population 5372, occupied cells: 1072
Episode 51, Step 0: Acted on 1134 cells; score -13.7, population 5409, occupied cells: 1064
Episode 52, Step 0: Acted on 1129 cells; score -13.7, population 5504, occupied cells: 1064
Episode 53, Step 0: Acted on 1138 cells; score -13.7, population 5392, occupied cells: 1060
Episode 54, Step 0: Acted on 1141 cells; score -13.6, population 5245, occupied cells: 1062
Episode 55, Step 0: Acted on 1149 cells; score -13.8, population 5410, occupied cells: 1057
Episode 56, Step 0: Acted on 1151 cells; score -13.9, population 5462, occupied cells: 1057
Episode 57, Step 0: Acted on 1145 cells; score -13.8, population 5479, occupied cells: 1063
Episode 58, Step 0: Acted on 1140 cells; score -13.6, population 5310, occupied cells: 1060
Episode 59, Step 0: Acted on 1158 cells; score -13.6, population 5046, occupied cells: 1054
Episode 60, Step 0: Acted on 1156 cells; score -13.6, population 5113, occupied cells: 1043
Episode 61, Step 0: Acted on 1161 cells; score -13.5, population 4907, occupied cells: 1067
Episode 62, Step 0: Acted on 1151 cells; score -13.6, population 5202, occupied cells: 1067
Episode 63, Step 0: Acted on 1158 cells; score -13.5, population 5003, occupied cells: 1060
Episode 64, Step 0: Acted on 1159 cells; score -13.6, population 5121, occupied cells: 1064
Episode 65, Step 0: Acted on 1157 cells; score -13.7, population 5170, occupied cells: 1066
Episode 66, Step 0: Acted on 1165 cells; score -13.7, population 5085, occupied cells: 1054
Episode 67, Step 0: Acted on 1166 cells; score -13.5, population 4847, occupied cells: 1049
Episode 68, Step 0: Acted on 1160 cells; score -13.7, population 5149, occupied cells: 1060
Episode 69, Step 0: Acted on 1166 cells; score -13.6, population 4991, occupied cells: 1059
Episode 70, Step 0: Acted on 1172 cells; score -13.6, population 4950, occupied cells: 1076
Episode 71, Step 0: Acted on 1163 cells; score -13.6, population 5041, occupied cells: 1062
Episode 72, Step 0: Acted on 1167 cells; score -13.8, population 5230, occupied cells: 1061
Episode 73, Step 0: Acted on 1175 cells; score -13.6, population 4958, occupied cells: 1046
Episode 74, Step 0: Acted on 1172 cells; score -13.8, population 5147, occupied cells: 1065
Episode 75, Step 0: Acted on 1168 cells; score -13.5, population 4802, occupied cells: 1058
Episode 76, Step 0: Acted on 1177 cells; score -13.6, population 4883, occupied cells: 1068
Episode 77, Step 0: Acted on 1163 cells; score -13.6, population 4983, occupied cells: 1055
Episode 78, Step 0: Acted on 1178 cells; score -13.5, population 4732, occupied cells: 1052
Episode 79, Step 0: Acted on 1183 cells; score -13.6, population 4820, occupied cells: 1058
Episode 80, Step 0: Acted on 1180 cells; score -13.6, population 4883, occupied cells: 1068
Episode 81, Step 0: Acted on 1181 cells; score -13.6, population 4812, occupied cells: 1055
Episode 82, Step 0: Acted on 1166 cells; score -13.6, population 4977, occupied cells: 1058
Episode 83, Step 0: Acted on 1173 cells; score -13.7, population 5041, occupied cells: 1060
Episode 84, Step 0: Acted on 1178 cells; score -13.8, population 5139, occupied cells: 1059
Episode 85, Step 0: Acted on 1191 cells; score -13.5, population 4602, occupied cells: 1051
Episode 86, Step 0: Acted on 1192 cells; score -13.6, population 4766, occupied cells: 1050
Episode 87, Step 0: Acted on 1178 cells; score -13.8, population 5100, occupied cells: 1060
Episode 88, Step 0: Acted on 1188 cells; score -13.6, population 4823, occupied cells: 1053
Episode 89, Step 0: Acted on 1184 cells; score -13.6, population 4821, occupied cells: 1067
Episode 90, Step 0: Acted on 1178 cells; score -13.6, population 4888, occupied cells: 1050
Episode 91, Step 0: Acted on 1183 cells; score -13.7, population 4987, occupied cells: 1065
Episode 92, Step 0: Acted on 1190 cells; score -13.7, population 4908, occupied cells: 1063
Episode 93, Step 0: Acted on 1186 cells; score -13.5, population 4731, occupied cells: 1062
Episode 94, Step 0: Acted on 1190 cells; score -13.6, population 4703, occupied cells: 1048
Episode 95, Step 0: Acted on 1186 cells; score -13.6, population 4840, occupied cells: 1062
Episode 96, Step 0: Acted on 1196 cells; score -13.7, population 4841, occupied cells: 1063
Episode 97, Step 0: Acted on 1188 cells; score -13.5, population 4623, occupied cells: 1045
Episode 98, Step 0: Acted on 1189 cells; score -13.6, population 4709, occupied cells: 1062
Episode 99, Step 0: Acted on 1185 cells; score -13.7, population 4909, occupied cells: 1057
Episode 100, Step 0: Acted on 1185 cells; score -13.7, population 4925, occupied cells: 1064
Episode 101, Step 0: Acted on 1196 cells; score -13.6, population 4710, occupied cells: 1050
Episode 102, Step 0: Acted on 1188 cells; score -13.6, population 4741, occupied cells: 1058
Episode 103, Step 0: Acted on 1188 cells; score -13.5, population 4701, occupied cells: 1057
Episode 104, Step 0: Acted on 1192 cells; score -13.7, population 4844, occupied cells: 1049
Episode 105, Step 0: Acted on 1191 cells; score -13.5, population 4688, occupied cells: 1056
Episode 106, Step 0: Acted on 1196 cells; score -13.7, population 4773, occupied cells: 1056
Episode 107, Step 0: Acted on 1192 cells; score -13.5, population 4600, occupied cells: 1062
Episode 108, Step 0: Acted on 1188 cells; score -13.6, population 4775, occupied cells: 1056
Episode 109, Step 0: Acted on 1205 cells; score -13.6, population 4599, occupied cells: 1057
Episode 110, Step 0: Acted on 1193 cells; score -13.7, population 4859, occupied cells: 1052
Episode 111, Step 0: Acted on 1194 cells; score -13.6, population 4778, occupied cells: 1060
Episode 112, Step 0: Acted on 1187 cells; score -13.8, population 4981, occupied cells: 1067
Episode 113, Step 0: Acted on 1196 cells; score -13.6, population 4666, occupied cells: 1058
Episode 114, Step 0: Acted on 1202 cells; score -13.6, population 4582, occupied cells: 1043
Episode 115, Step 0: Acted on 1200 cells; score -13.8, population 4865, occupied cells: 1064
Episode 116, Step 0: Acted on 1196 cells; score -13.8, population 4906, occupied cells: 1068
Episode 117, Step 0: Acted on 1193 cells; score -13.6, population 4700, occupied cells: 1066
Episode 118, Step 0: Acted on 1204 cells; score -13.5, population 4552, occupied cells: 1067
Episode 119, Step 0: Acted on 1209 cells; score -13.5, population 4450, occupied cells: 1054
Episode 120, Step 0: Acted on 1190 cells; score -13.6, population 4805, occupied cells: 1072
Episode 121, Step 0: Acted on 1188 cells; score -13.5, population 4694, occupied cells: 1062
Episode 122, Step 0: Acted on 1202 cells; score -13.5, population 4565, occupied cells: 1066
Episode 123, Step 0: Acted on 1203 cells; score -13.6, population 4644, occupied cells: 1057
Episode 124, Step 0: Acted on 1204 cells; score -13.8, population 4856, occupied cells: 1052
Episode 125, Step 0: Acted on 1208 cells; score -13.6, population 4617, occupied cells: 1051
Episode 126, Step 0: Acted on 1204 cells; score -13.8, population 4924, occupied cells: 1058
Episode 127, Step 0: Acted on 1209 cells; score -13.7, population 4681, occupied cells: 1059
Episode 128, Step 0: Acted on 1195 cells; score -13.7, population 4874, occupied cells: 1055
Episode 129, Step 0: Acted on 1204 cells; score -13.7, population 4783, occupied cells: 1059
Episode 130, Step 0: Acted on 1200 cells; score -13.4, population 4430, occupied cells: 1050
Episode 131, Step 0: Acted on 1199 cells; score -13.6, population 4625, occupied cells: 1072
Episode 132, Step 0: Acted on 1206 cells; score -13.8, population 4844, occupied cells: 1062
Episode 133, Step 0: Acted on 1206 cells; score -13.6, population 4590, occupied cells: 1062
Episode 134, Step 0: Acted on 1203 cells; score -13.7, population 4735, occupied cells: 1043
Episode 135, Step 0: Acted on 1196 cells; score -13.8, population 4887, occupied cells: 1066
Episode 136, Step 0: Acted on 1210 cells; score -13.6, population 4586, occupied cells: 1051
Episode 137, Step 0: Acted on 1205 cells; score -13.6, population 4589, occupied cells: 1048
Episode 138, Step 0: Acted on 1201 cells; score -13.8, population 4932, occupied cells: 1052
Episode 139, Step 0: Acted on 1196 cells; score -13.6, population 4699, occupied cells: 1051
Episode 140, Step 0: Acted on 1200 cells; score -13.6, population 4615, occupied cells: 1041
Episode 141, Step 0: Acted on 1210 cells; score -13.7, population 4687, occupied cells: 1058
Episode 142, Step 0: Acted on 1201 cells; score -13.7, population 4813, occupied cells: 1047
Episode 143, Step 0: Acted on 1199 cells; score -13.7, population 4732, occupied cells: 1053
Episode 144, Step 0: Acted on 1203 cells; score -13.5, population 4449, occupied cells: 1053
Episode 145, Step 0: Acted on 1207 cells; score -13.5, population 4508, occupied cells: 1062
Episode 146, Step 0: Acted on 1220 cells; score -13.7, population 4575, occupied cells: 1048
Episode 147, Step 0: Acted on 1210 cells; score -13.7, population 4711, occupied cells: 1063
Episode 148, Step 0: Acted on 1203 cells; score -13.6, population 4600, occupied cells: 1058
Episode 149, Step 0: Acted on 1200 cells; score -13.7, population 4817, occupied cells: 1064
Episode 150, Step 0: Acted on 1201 cells; score -13.6, population 4658, occupied cells: 1075
Episode 151, Step 0: Acted on 1209 cells; score -13.7, population 4712, occupied cells: 1057
Episode 152, Step 0: Acted on 1208 cells; score -13.6, population 4637, occupied cells: 1050
Episode 153, Step 0: Acted on 1207 cells; score -13.6, population 4566, occupied cells: 1052
Episode 154, Step 0: Acted on 1214 cells; score -13.7, population 4612, occupied cells: 1056
Episode 155, Step 0: Acted on 1217 cells; score -13.8, population 4691, occupied cells: 1044
Episode 156, Step 0: Acted on 1206 cells; score -13.6, population 4655, occupied cells: 1050
Episode 157, Step 0: Acted on 1211 cells; score -13.6, population 4576, occupied cells: 1056
Episode 158, Step 0: Acted on 1207 cells; score -13.6, population 4645, occupied cells: 1046
Episode 159, Step 0: Acted on 1205 cells; score -13.5, population 4522, occupied cells: 1061
Episode 160, Step 0: Acted on 1210 cells; score -13.7, population 4701, occupied cells: 1060
Episode 161, Step 0: Acted on 1207 cells; score -13.5, population 4516, occupied cells: 1064
Episode 162, Step 0: Acted on 1208 cells; score -13.7, population 4660, occupied cells: 1056
Episode 163, Step 0: Acted on 1209 cells; score -13.5, population 4429, occupied cells: 1055
Episode 164, Step 0: Acted on 1208 cells; score -13.6, population 4576, occupied cells: 1054
Episode 165, Step 0: Acted on 1204 cells; score -13.7, population 4709, occupied cells: 1056
Episode 166, Step 0: Acted on 1204 cells; score -13.6, population 4659, occupied cells: 1062
Episode 167, Step 0: Acted on 1206 cells; score -13.7, population 4780, occupied cells: 1044
Episode 168, Step 0: Acted on 1215 cells; score -13.6, population 4563, occupied cells: 1042
Episode 169, Step 0: Acted on 1204 cells; score -13.7, population 4765, occupied cells: 1069
Episode 170, Step 0: Acted on 1204 cells; score -13.5, population 4498, occupied cells: 1065
Episode 171, Step 0: Acted on 1205 cells; score -13.7, population 4763, occupied cells: 1045
Episode 172, Step 0: Acted on 1212 cells; score -13.7, population 4661, occupied cells: 1084
Episode 173, Step 0: Acted on 1213 cells; score -13.5, population 4434, occupied cells: 1060
Episode 174, Step 0: Acted on 1213 cells; score -13.4, population 4308, occupied cells: 1053
Episode 175, Step 0: Acted on 1215 cells; score -13.7, population 4580, occupied cells: 1063
Episode 176, Step 0: Acted on 1213 cells; score -13.5, population 4452, occupied cells: 1050
Episode 177, Step 0: Acted on 1209 cells; score -13.7, population 4672, occupied cells: 1065
Episode 178, Step 0: Acted on 1215 cells; score -13.6, population 4458, occupied cells: 1048
Episode 179, Step 0: Acted on 1209 cells; score -13.6, population 4624, occupied cells: 1060
Episode 180, Step 0: Acted on 1211 cells; score -13.6, population 4584, occupied cells: 1068
Episode 181, Step 0: Acted on 1210 cells; score -13.6, population 4513, occupied cells: 1055
Episode 182, Step 0: Acted on 1214 cells; score -13.7, population 4598, occupied cells: 1063
Episode 183, Step 0: Acted on 1202 cells; score -13.7, population 4759, occupied cells: 1062
Episode 184, Step 0: Acted on 1209 cells; score -13.5, population 4428, occupied cells: 1057
Episode 185, Step 0: Acted on 1207 cells; score -13.6, population 4599, occupied cells: 1059
Episode 186, Step 0: Acted on 1206 cells; score -13.6, population 4550, occupied cells: 1050
Episode 187, Step 0: Acted on 1207 cells; score -13.7, population 4686, occupied cells: 1062
Episode 188, Step 0: Acted on 1210 cells; score -13.6, population 4555, occupied cells: 1066
Episode 189, Step 0: Acted on 1213 cells; score -13.8, population 4719, occupied cells: 1069
Episode 190, Step 0: Acted on 1219 cells; score -13.7, population 4599, occupied cells: 1068
Episode 191, Step 0: Acted on 1215 cells; score -13.6, population 4493, occupied cells: 1039
Episode 192, Step 0: Acted on 1204 cells; score -13.5, population 4511, occupied cells: 1048
Episode 193, Step 0: Acted on 1210 cells; score -13.8, population 4773, occupied cells: 1055
Episode 194, Step 0: Acted on 1215 cells; score -13.5, population 4442, occupied cells: 1045
Episode 195, Step 0: Acted on 1207 cells; score -13.5, population 4489, occupied cells: 1036
Episode 196, Step 0: Acted on 1211 cells; score -13.8, population 4751, occupied cells: 1059
Episode 197, Step 0: Acted on 1214 cells; score -13.8, population 4719, occupied cells: 1061
Episode 198, Step 0: Acted on 1212 cells; score -13.7, population 4701, occupied cells: 1051
Episode 199, Step 0: Acted on 1216 cells; score -13.4, population 4277, occupied cells: 1053
Episode 200, Step 0: Acted on 1214 cells; score -13.7, population 4632, occupied cells: 1062
Episode 201, Step 0: Acted on 1212 cells; score -13.6, population 4601, occupied cells: 1061
Episode 202, Step 0: Acted on 1219 cells; score -13.6, population 4523, occupied cells: 1063
Episode 203, Step 0: Acted on 1218 cells; score -13.7, population 4587, occupied cells: 1066
Episode 204, Step 0: Acted on 1216 cells; score -13.6, population 4503, occupied cells: 1050
Episode 205, Step 0: Acted on 1214 cells; score -13.5, population 4417, occupied cells: 1074
Episode 206, Step 0: Acted on 1220 cells; score -13.7, population 4523, occupied cells: 1054
Episode 207, Step 0: Acted on 1216 cells; score -13.7, population 4643, occupied cells: 1053
Episode 208, Step 0: Acted on 1213 cells; score -13.7, population 4706, occupied cells: 1047
Episode 209, Step 0: Acted on 1211 cells; score -13.6, population 4558, occupied cells: 1065
Episode 210, Step 0: Acted on 1218 cells; score -13.6, population 4487, occupied cells: 1053
Episode 211, Step 0: Acted on 1210 cells; score -13.6, population 4588, occupied cells: 1043
Episode 212, Step 0: Acted on 1215 cells; score -13.7, population 4634, occupied cells: 1052
Episode 213, Step 0: Acted on 1212 cells; score -13.7, population 4646, occupied cells: 1071
Episode 214, Step 0: Acted on 1209 cells; score -13.5, population 4425, occupied cells: 1046
Episode 215, Step 0: Acted on 1216 cells; score -13.5, population 4379, occupied cells: 1064
Episode 216, Step 0: Acted on 1212 cells; score -13.7, population 4717, occupied cells: 1069
Episode 217, Step 0: Acted on 1213 cells; score -13.7, population 4602, occupied cells: 1060
Episode 218, Step 0: Acted on 1216 cells; score -13.5, population 4336, occupied cells: 1056
Episode 219, Step 0: Acted on 1219 cells; score -13.7, population 4550, occupied cells: 1062
Episode 220, Step 0: Acted on 1215 cells; score -13.4, population 4279, occupied cells: 1045
Episode 221, Step 0: Acted on 1208 cells; score -13.6, population 4585, occupied cells: 1054
Episode 222, Step 0: Acted on 1215 cells; score -13.8, population 4712, occupied cells: 1044
Episode 223, Step 0: Acted on 1218 cells; score -13.6, population 4486, occupied cells: 1038
Episode 224, Step 0: Acted on 1213 cells; score -13.6, population 4492, occupied cells: 1058
Episode 225, Step 0: Acted on 1220 cells; score -13.6, population 4494, occupied cells: 1053
Episode 226, Step 0: Acted on 1219 cells; score -13.8, population 4763, occupied cells: 1069
Episode 227, Step 0: Acted on 1215 cells; score -13.5, population 4345, occupied cells: 1046
Episode 228, Step 0: Acted on 1220 cells; score -13.7, population 4527, occupied cells: 1058
Episode 229, Step 0: Acted on 1215 cells; score -13.5, population 4448, occupied cells: 1053
Episode 230, Step 0: Acted on 1217 cells; score -13.5, population 4332, occupied cells: 1059
Episode 231, Step 0: Acted on 1217 cells; score -13.5, population 4354, occupied cells: 1056
Episode 232, Step 0: Acted on 1215 cells; score -13.8, population 4730, occupied cells: 1055
Episode 233, Step 0: Acted on 1220 cells; score -13.7, population 4537, occupied cells: 1064
Episode 234, Step 0: Acted on 1219 cells; score -13.7, population 4598, occupied cells: 1054
Episode 235, Step 0: Acted on 1216 cells; score -13.6, population 4471, occupied cells: 1054
Episode 236, Step 0: Acted on 1217 cells; score -13.5, population 4383, occupied cells: 1056
Episode 237, Step 0: Acted on 1215 cells; score -13.7, population 4599, occupied cells: 1063
Episode 238, Step 0: Acted on 1220 cells; score -13.6, population 4468, occupied cells: 1068
Episode 239, Step 0: Acted on 1218 cells; score -13.6, population 4503, occupied cells: 1063
Episode 240, Step 0: Acted on 1222 cells; score -13.6, population 4455, occupied cells: 1059
Episode 241, Step 0: Acted on 1217 cells; score -13.6, population 4434, occupied cells: 1043
Episode 242, Step 0: Acted on 1215 cells; score -13.7, population 4634, occupied cells: 1053
Episode 243, Step 0: Acted on 1218 cells; score -13.5, population 4394, occupied cells: 1054
Episode 244, Step 0: Acted on 1221 cells; score -13.5, population 4375, occupied cells: 1049
Episode 245, Step 0: Acted on 1218 cells; score -13.6, population 4458, occupied cells: 1062
Episode 246, Step 0: Acted on 1220 cells; score -13.4, population 4244, occupied cells: 1046
Episode 247, Step 0: Acted on 1220 cells; score -13.6, population 4515, occupied cells: 1058
Episode 248, Step 0: Acted on 1220 cells; score -13.5, population 4310, occupied cells: 1064
Episode 249, Step 0: Acted on 1221 cells; score -13.6, population 4430, occupied cells: 1068
Episode 250, Step 0: Acted on 1215 cells; score -13.7, population 4601, occupied cells: 1053
Episode 251, Step 0: Acted on 1220 cells; score -13.5, population 4347, occupied cells: 1055
Episode 252, Step 0: Acted on 1218 cells; score -13.5, population 4371, occupied cells: 1057
Episode 253, Step 0: Acted on 1216 cells; score -13.5, population 4332, occupied cells: 1051
Episode 254, Step 0: Acted on 1218 cells; score -13.7, population 4558, occupied cells: 1055
Episode 255, Step 0: Acted on 1220 cells; score -13.7, population 4569, occupied cells: 1053
Episode 256, Step 0: Acted on 1215 cells; score -13.4, population 4266, occupied cells: 1054
Episode 257, Step 0: Acted on 1220 cells; score -13.6, population 4477, occupied cells: 1054
Episode 258, Step 0: Acted on 1220 cells; score -13.7, population 4566, occupied cells: 1039
Episode 259, Step 0: Acted on 1222 cells; score -13.6, population 4395, occupied cells: 1053
Episode 260, Step 0: Acted on 1220 cells; score -13.5, population 4337, occupied cells: 1043
Episode 261, Step 0: Acted on 1220 cells; score -13.7, population 4642, occupied cells: 1061
Episode 262, Step 0: Acted on 1218 cells; score -13.7, population 4631, occupied cells: 1061
Episode 263, Step 0: Acted on 1219 cells; score -13.7, population 4554, occupied cells: 1053
Episode 264, Step 0: Acted on 1218 cells; score -13.6, population 4499, occupied cells: 1056
Episode 265, Step 0: Acted on 1222 cells; score -13.7, population 4534, occupied cells: 1049
Episode 266, Step 0: Acted on 1221 cells; score -13.7, population 4515, occupied cells: 1054
Episode 267, Step 0: Acted on 1216 cells; score -13.6, population 4518, occupied cells: 1054
Episode 268, Step 0: Acted on 1222 cells; score -13.6, population 4501, occupied cells: 1067
Episode 269, Step 0: Acted on 1221 cells; score -13.7, population 4571, occupied cells: 1048
Episode 270, Step 0: Acted on 1220 cells; score -13.9, population 4790, occupied cells: 1058
Episode 271, Step 0: Acted on 1223 cells; score -13.5, population 4313, occupied cells: 1057
Episode 272, Step 0: Acted on 1219 cells; score -13.5, population 4371, occupied cells: 1055
Episode 273, Step 0: Acted on 1218 cells; score -13.7, population 4660, occupied cells: 1056
Episode 274, Step 0: Acted on 1218 cells; score -13.6, population 4427, occupied cells: 1041
Episode 275, Step 0: Acted on 1222 cells; score -13.6, population 4393, occupied cells: 1052
Episode 276, Step 0: Acted on 1221 cells; score -13.6, population 4410, occupied cells: 1054
Episode 277, Step 0: Acted on 1222 cells; score -13.8, population 4710, occupied cells: 1058
Episode 278, Step 0: Acted on 1217 cells; score -13.8, population 4689, occupied cells: 1063
Episode 279, Step 0: Acted on 1210 cells; score -13.6, population 4604, occupied cells: 1056
Episode 280, Step 0: Acted on 1222 cells; score -13.6, population 4419, occupied cells: 1043
Episode 281, Step 0: Acted on 1222 cells; score -13.5, population 4280, occupied cells: 1047
Episode 282, Step 0: Acted on 1221 cells; score -13.7, population 4521, occupied cells: 1067
Episode 283, Step 0: Acted on 1225 cells; score -13.5, population 4337, occupied cells: 1052
Episode 284, Step 0: Acted on 1222 cells; score -13.7, population 4531, occupied cells: 1060
Episode 285, Step 0: Acted on 1221 cells; score -13.7, population 4543, occupied cells: 1061
Episode 286, Step 0: Acted on 1222 cells; score -13.7, population 4606, occupied cells: 1059
Episode 287, Step 0: Acted on 1224 cells; score -13.6, population 4367, occupied cells: 1058
Episode 288, Step 0: Acted on 1220 cells; score -13.6, population 4451, occupied cells: 1056
Episode 289, Step 0: Acted on 1217 cells; score -13.6, population 4453, occupied cells: 1054
Episode 290, Step 0: Acted on 1219 cells; score -13.6, population 4466, occupied cells: 1059
Episode 291, Step 0: Acted on 1217 cells; score -13.6, population 4534, occupied cells: 1050
Episode 292, Step 0: Acted on 1222 cells; score -13.7, population 4548, occupied cells: 1059
Episode 293, Step 0: Acted on 1221 cells; score -13.6, population 4487, occupied cells: 1053
Episode 294, Step 0: Acted on 1221 cells; score -13.5, population 4372, occupied cells: 1042
Episode 295, Step 0: Acted on 1215 cells; score -13.5, population 4338, occupied cells: 1058
Episode 296, Step 0: Acted on 1219 cells; score -13.7, population 4563, occupied cells: 1049
Episode 297, Step 0: Acted on 1220 cells; score -13.8, population 4647, occupied cells: 1048
Episode 298, Step 0: Acted on 1221 cells; score -13.8, population 4679, occupied cells: 1047
Episode 299, Step 0: Acted on 1217 cells; score -13.7, population 4593, occupied cells: 1046
Episode 300, Step 0: Acted on 1223 cells; score -13.7, population 4542, occupied cells: 1058
Episode 301, Step 0: Acted on 1224 cells; score -13.8, population 4637, occupied cells: 1052
Episode 302, Step 0: Acted on 1221 cells; score -13.7, population 4605, occupied cells: 1057
Episode 303, Step 0: Acted on 1218 cells; score -13.5, population 4412, occupied cells: 1049
Episode 304, Step 0: Acted on 1217 cells; score -13.5, population 4367, occupied cells: 1060
Episode 305, Step 0: Acted on 1219 cells; score -13.7, population 4645, occupied cells: 1055
Episode 306, Step 0: Acted on 1220 cells; score -13.5, population 4345, occupied cells: 1060
Episode 307, Step 0: Acted on 1223 cells; score -13.6, population 4389, occupied cells: 1063
Episode 308, Step 0: Acted on 1220 cells; score -13.6, population 4493, occupied cells: 1048
Episode 309, Step 0: Acted on 1222 cells; score -13.6, population 4388, occupied cells: 1055
Episode 310, Step 0: Acted on 1220 cells; score -13.7, population 4551, occupied cells: 1049
Episode 311, Step 0: Acted on 1220 cells; score -13.7, population 4537, occupied cells: 1063
Episode 312, Step 0: Acted on 1220 cells; score -13.6, population 4458, occupied cells: 1048
Episode 313, Step 0: Acted on 1218 cells; score -13.6, population 4455, occupied cells: 1045
Episode 314, Step 0: Acted on 1223 cells; score -13.6, population 4429, occupied cells: 1055
Episode 315, Step 0: Acted on 1215 cells; score -13.5, population 4431, occupied cells: 1053
Episode 316, Step 0: Acted on 1220 cells; score -13.6, population 4474, occupied cells: 1060
Episode 317, Step 0: Acted on 1218 cells; score -13.5, population 4418, occupied cells: 1054
Episode 318, Step 0: Acted on 1222 cells; score -13.6, population 4403, occupied cells: 1045
Episode 319, Step 0: Acted on 1222 cells; score -13.5, population 4325, occupied cells: 1051
Episode 320, Step 0: Acted on 1220 cells; score -13.6, population 4517, occupied cells: 1037
Episode 321, Step 0: Acted on 1221 cells; score -13.6, population 4504, occupied cells: 1041
Episode 322, Step 0: Acted on 1217 cells; score -13.6, population 4544, occupied cells: 1048
Episode 323, Step 0: Acted on 1220 cells; score -13.6, population 4455, occupied cells: 1051
Episode 324, Step 0: Acted on 1220 cells; score -13.7, population 4548, occupied cells: 1058
Episode 325, Step 0: Acted on 1220 cells; score -13.8, population 4652, occupied cells: 1049
Episode 326, Step 0: Acted on 1225 cells; score -13.6, population 4406, occupied cells: 1049
Episode 327, Step 0: Acted on 1219 cells; score -13.5, population 4340, occupied cells: 1054
Episode 328, Step 0: Acted on 1219 cells; score -13.6, population 4483, occupied cells: 1046
Episode 329, Step 0: Acted on 1218 cells; score -13.6, population 4498, occupied cells: 1060
Episode 330, Step 0: Acted on 1219 cells; score -13.7, population 4633, occupied cells: 1052
Episode 331, Step 0: Acted on 1222 cells; score -13.6, population 4418, occupied cells: 1057
Episode 332, Step 0: Acted on 1223 cells; score -13.7, population 4500, occupied cells: 1061
Episode 333, Step 0: Acted on 1222 cells; score -13.6, population 4390, occupied cells: 1048
Episode 334, Step 0: Acted on 1222 cells; score -13.5, population 4345, occupied cells: 1064
Episode 335, Step 0: Acted on 1221 cells; score -13.7, population 4577, occupied cells: 1048
Episode 336, Step 0: Acted on 1217 cells; score -13.6, population 4537, occupied cells: 1050
Episode 337, Step 0: Acted on 1225 cells; score -13.7, population 4528, occupied cells: 1041
Episode 338, Step 0: Acted on 1217 cells; score -13.7, population 4617, occupied cells: 1060
Episode 339, Step 0: Acted on 1224 cells; score -13.6, population 4447, occupied cells: 1049
Episode 340, Step 0: Acted on 1222 cells; score -13.6, population 4388, occupied cells: 1041
Episode 341, Step 0: Acted on 1223 cells; score -13.6, population 4468, occupied cells: 1048
Episode 342, Step 0: Acted on 1223 cells; score -13.7, population 4582, occupied cells: 1059
Episode 343, Step 0: Acted on 1224 cells; score -13.8, population 4618, occupied cells: 1059
Episode 344, Step 0: Acted on 1222 cells; score -13.8, population 4659, occupied cells: 1051
Episode 345, Step 0: Acted on 1221 cells; score -13.7, population 4600, occupied cells: 1055
Episode 346, Step 0: Acted on 1221 cells; score -13.8, population 4636, occupied cells: 1058
Episode 347, Step 0: Acted on 1222 cells; score -13.7, population 4613, occupied cells: 1059
Episode 348, Step 0: Acted on 1223 cells; score -13.6, population 4439, occupied cells: 1057
Episode 349, Step 0: Acted on 1222 cells; score -13.8, population 4644, occupied cells: 1058
Episode 350, Step 0: Acted on 1224 cells; score -13.5, population 4326, occupied cells: 1052
Episode 351, Step 0: Acted on 1220 cells; score -13.6, population 4463, occupied cells: 1055
Episode 352, Step 0: Acted on 1223 cells; score -13.5, population 4325, occupied cells: 1050
Episode 353, Step 0: Acted on 1220 cells; score -13.6, population 4432, occupied cells: 1051
Episode 354, Step 0: Acted on 1220 cells; score -13.6, population 4507, occupied cells: 1053
Episode 355, Step 0: Acted on 1222 cells; score -13.6, population 4432, occupied cells: 1059
Episode 356, Step 0: Acted on 1221 cells; score -13.6, population 4438, occupied cells: 1043
Episode 357, Step 0: Acted on 1222 cells; score -13.6, population 4441, occupied cells: 1052
Episode 358, Step 0: Acted on 1219 cells; score -13.6, population 4509, occupied cells: 1057
Episode 359, Step 0: Acted on 1222 cells; score -13.7, population 4552, occupied cells: 1061
Episode 360, Step 0: Acted on 1223 cells; score -13.7, population 4585, occupied cells: 1072
Episode 361, Step 0: Acted on 1223 cells; score -13.7, population 4528, occupied cells: 1058
Episode 362, Step 0: Acted on 1222 cells; score -13.6, population 4439, occupied cells: 1071
Episode 363, Step 0: Acted on 1223 cells; score -13.6, population 4477, occupied cells: 1064
Episode 364, Step 0: Acted on 1224 cells; score -13.5, population 4304, occupied cells: 1052
Episode 365, Step 0: Acted on 1221 cells; score -13.5, population 4347, occupied cells: 1051
Episode 366, Step 0: Acted on 1222 cells; score -13.6, population 4401, occupied cells: 1055
Episode 367, Step 0: Acted on 1222 cells; score -13.6, population 4453, occupied cells: 1063
Episode 368, Step 0: Acted on 1218 cells; score -13.7, population 4566, occupied cells: 1057
Episode 369, Step 0: Acted on 1223 cells; score -13.7, population 4532, occupied cells: 1065
Episode 370, Step 0: Acted on 1221 cells; score -13.6, population 4457, occupied cells: 1050
Episode 371, Step 0: Acted on 1220 cells; score -13.8, population 4645, occupied cells: 1065
Episode 372, Step 0: Acted on 1221 cells; score -13.6, population 4393, occupied cells: 1041
Episode 373, Step 0: Acted on 1218 cells; score -13.6, population 4469, occupied cells: 1055
Episode 374, Step 0: Acted on 1224 cells; score -13.6, population 4379, occupied cells: 1039
Episode 375, Step 0: Acted on 1224 cells; score -13.8, population 4615, occupied cells: 1055
Episode 376, Step 0: Acted on 1225 cells; score -13.6, population 4460, occupied cells: 1056
Episode 377, Step 0: Acted on 1223 cells; score -13.8, population 4630, occupied cells: 1074
Episode 378, Step 0: Acted on 1223 cells; score -13.6, population 4410, occupied cells: 1047
Episode 379, Step 0: Acted on 1221 cells; score -13.6, population 4477, occupied cells: 1049
Episode 380, Step 0: Acted on 1223 cells; score -13.7, population 4558, occupied cells: 1064
Episode 381, Step 0: Acted on 1220 cells; score -13.6, population 4512, occupied cells: 1066
Episode 382, Step 0: Acted on 1219 cells; score -13.7, population 4598, occupied cells: 1061
Episode 383, Step 0: Acted on 1221 cells; score -13.6, population 4425, occupied cells: 1048
Episode 384, Step 0: Acted on 1224 cells; score -13.6, population 4462, occupied cells: 1068
Episode 385, Step 0: Acted on 1223 cells; score -13.7, population 4570, occupied cells: 1062
Episode 386, Step 0: Acted on 1224 cells; score -13.5, population 4318, occupied cells: 1053
Episode 387, Step 0: Acted on 1220 cells; score -13.5, population 4391, occupied cells: 1054
Episode 388, Step 0: Acted on 1225 cells; score -13.7, population 4510, occupied cells: 1053
Episode 389, Step 0: Acted on 1216 cells; score -13.6, population 4542, occupied cells: 1057
Episode 390, Step 0: Acted on 1220 cells; score -13.7, population 4584, occupied cells: 1052
Episode 391, Step 0: Acted on 1224 cells; score -13.6, population 4361, occupied cells: 1051
Episode 392, Step 0: Acted on 1222 cells; score -13.5, population 4284, occupied cells: 1048
Episode 393, Step 0: Acted on 1221 cells; score -13.6, population 4475, occupied cells: 1044
Episode 394, Step 0: Acted on 1218 cells; score -13.7, population 4662, occupied cells: 1056
Episode 395, Step 0: Acted on 1221 cells; score -13.5, population 4342, occupied cells: 1053
Episode 396, Step 0: Acted on 1222 cells; score -13.7, population 4552, occupied cells: 1050
Episode 397, Step 0: Acted on 1219 cells; score -13.5, population 4368, occupied cells: 1060
Episode 398, Step 0: Acted on 1225 cells; score -13.7, population 4584, occupied cells: 1058
Episode 399, Step 0: Acted on 1220 cells; score -13.6, population 4471, occupied cells: 1039
Episode 400, Step 0: Acted on 1222 cells; score -13.5, population 4290, occupied cells: 1069
Episode 401, Step 0: Acted on 1219 cells; score -13.5, population 4399, occupied cells: 1067
Episode 402, Step 0: Acted on 1222 cells; score -13.5, population 4373, occupied cells: 1050
Episode 403, Step 0: Acted on 1219 cells; score -13.6, population 4436, occupied cells: 1059
Episode 404, Step 0: Acted on 1221 cells; score -13.7, population 4555, occupied cells: 1073
Episode 405, Step 0: Acted on 1221 cells; score -13.7, population 4528, occupied cells: 1052
Episode 406, Step 0: Acted on 1223 cells; score -13.6, population 4395, occupied cells: 1050
Episode 407, Step 0: Acted on 1222 cells; score -13.7, population 4587, occupied cells: 1065
Episode 408, Step 0: Acted on 1222 cells; score -13.8, population 4638, occupied cells: 1048
Episode 409, Step 0: Acted on 1222 cells; score -13.6, population 4481, occupied cells: 1048
Episode 410, Step 0: Acted on 1220 cells; score -13.6, population 4495, occupied cells: 1065
Episode 411, Step 0: Acted on 1222 cells; score -13.5, population 4323, occupied cells: 1057
Episode 412, Step 0: Acted on 1222 cells; score -13.8, population 4661, occupied cells: 1057
Episode 413, Step 0: Acted on 1220 cells; score -13.7, population 4568, occupied cells: 1049
Episode 414, Step 0: Acted on 1221 cells; score -13.5, population 4359, occupied cells: 1052
Episode 415, Step 0: Acted on 1224 cells; score -13.7, population 4526, occupied cells: 1054
Episode 416, Step 0: Acted on 1220 cells; score -13.5, population 4346, occupied cells: 1050
Episode 417, Step 0: Acted on 1223 cells; score -13.6, population 4413, occupied cells: 1052
Episode 418, Step 0: Acted on 1220 cells; score -13.6, population 4493, occupied cells: 1056
Episode 419, Step 0: Acted on 1222 cells; score -13.7, population 4523, occupied cells: 1067
Episode 420, Step 0: Acted on 1221 cells; score -13.7, population 4616, occupied cells: 1059
Episode 421, Step 0: Acted on 1222 cells; score -13.6, population 4397, occupied cells: 1056
Episode 422, Step 0: Acted on 1221 cells; score -13.5, population 4299, occupied cells: 1059
Episode 423, Step 0: Acted on 1224 cells; score -13.6, population 4381, occupied cells: 1055
Episode 424, Step 0: Acted on 1224 cells; score -13.5, population 4356, occupied cells: 1054
Episode 425, Step 0: Acted on 1219 cells; score -13.6, population 4461, occupied cells: 1043
Episode 426, Step 0: Acted on 1222 cells; score -13.6, population 4481, occupied cells: 1055
Episode 427, Step 0: Acted on 1222 cells; score -13.7, population 4505, occupied cells: 1080
Episode 428, Step 0: Acted on 1223 cells; score -13.6, population 4413, occupied cells: 1036
Episode 429, Step 0: Acted on 1220 cells; score -13.5, population 4394, occupied cells: 1058
Episode 430, Step 0: Acted on 1220 cells; score -13.7, population 4536, occupied cells: 1051
Episode 431, Step 0: Acted on 1223 cells; score -13.5, population 4262, occupied cells: 1051
Episode 432, Step 0: Acted on 1217 cells; score -13.6, population 4481, occupied cells: 1067
Episode 433, Step 0: Acted on 1223 cells; score -13.7, population 4520, occupied cells: 1047
Episode 434, Step 0: Acted on 1222 cells; score -13.8, population 4710, occupied cells: 1072
Episode 435, Step 0: Acted on 1224 cells; score -13.7, population 4497, occupied cells: 1052
Episode 436, Step 0: Acted on 1219 cells; score -13.7, population 4608, occupied cells: 1052
Episode 437, Step 0: Acted on 1222 cells; score -13.7, population 4554, occupied cells: 1053
Episode 438, Step 0: Acted on 1224 cells; score -13.6, population 4369, occupied cells: 1064
Episode 439, Step 0: Acted on 1222 cells; score -13.7, population 4513, occupied cells: 1056
Episode 440, Step 0: Acted on 1221 cells; score -13.5, population 4334, occupied cells: 1061
Episode 441, Step 0: Acted on 1219 cells; score -13.6, population 4453, occupied cells: 1043
Episode 442, Step 0: Acted on 1221 cells; score -13.6, population 4470, occupied cells: 1060
Episode 443, Step 0: Acted on 1218 cells; score -13.5, population 4321, occupied cells: 1040
Episode 444, Step 0: Acted on 1223 cells; score -13.8, population 4639, occupied cells: 1060
Episode 445, Step 0: Acted on 1224 cells; score -13.6, population 4457, occupied cells: 1044
Episode 446, Step 0: Acted on 1224 cells; score -13.5, population 4250, occupied cells: 1047
Episode 447, Step 0: Acted on 1221 cells; score -13.7, population 4581, occupied cells: 1063
Episode 448, Step 0: Acted on 1222 cells; score -13.6, population 4408, occupied cells: 1042
Episode 449, Step 0: Acted on 1224 cells; score -13.7, population 4581, occupied cells: 1055
Episode 450, Step 0: Acted on 1221 cells; score -13.7, population 4575, occupied cells: 1057
Episode 451, Step 0: Acted on 1224 cells; score -13.7, population 4490, occupied cells: 1046
Episode 452, Step 0: Acted on 1219 cells; score -13.6, population 4451, occupied cells: 1058
Episode 453, Step 0: Acted on 1222 cells; score -13.6, population 4499, occupied cells: 1061
Episode 454, Step 0: Acted on 1220 cells; score -13.5, population 4332, occupied cells: 1057
Episode 455, Step 0: Acted on 1221 cells; score -13.5, population 4320, occupied cells: 1048
Episode 456, Step 0: Acted on 1219 cells; score -13.6, population 4525, occupied cells: 1045
Episode 457, Step 0: Acted on 1223 cells; score -14.0, population 4861, occupied cells: 1058
Episode 458, Step 0: Acted on 1220 cells; score -13.6, population 4454, occupied cells: 1064
Episode 459, Step 0: Acted on 1221 cells; score -13.7, population 4564, occupied cells: 1080
Episode 460, Step 0: Acted on 1221 cells; score -13.6, population 4432, occupied cells: 1053
Episode 461, Step 0: Acted on 1220 cells; score -13.7, population 4583, occupied cells: 1055
Episode 462, Step 0: Acted on 1222 cells; score -13.6, population 4429, occupied cells: 1045
Episode 463, Step 0: Acted on 1218 cells; score -13.6, population 4489, occupied cells: 1053
Episode 464, Step 0: Acted on 1223 cells; score -13.6, population 4409, occupied cells: 1064
Episode 465, Step 0: Acted on 1222 cells; score -13.6, population 4421, occupied cells: 1063
Episode 466, Step 0: Acted on 1221 cells; score -13.7, population 4515, occupied cells: 1045
Episode 467, Step 0: Acted on 1218 cells; score -13.8, population 4705, occupied cells: 1059
Episode 468, Step 0: Acted on 1221 cells; score -13.6, population 4451, occupied cells: 1050
Episode 469, Step 0: Acted on 1221 cells; score -13.5, population 4342, occupied cells: 1058
Episode 470, Step 0: Acted on 1221 cells; score -13.7, population 4565, occupied cells: 1065
Episode 471, Step 0: Acted on 1224 cells; score -13.5, population 4332, occupied cells: 1051
Episode 472, Step 0: Acted on 1223 cells; score -13.7, population 4498, occupied cells: 1072
Episode 473, Step 0: Acted on 1218 cells; score -13.5, population 4400, occupied cells: 1047
Episode 474, Step 0: Acted on 1223 cells; score -13.6, population 4464, occupied cells: 1053
Episode 475, Step 0: Acted on 1223 cells; score -13.6, population 4428, occupied cells: 1042
Episode 476, Step 0: Acted on 1217 cells; score -13.5, population 4354, occupied cells: 1070
Episode 477, Step 0: Acted on 1221 cells; score -13.7, population 4579, occupied cells: 1045
Episode 478, Step 0: Acted on 1223 cells; score -13.7, population 4503, occupied cells: 1064
Episode 479, Step 0: Acted on 1219 cells; score -13.5, population 4312, occupied cells: 1054
Episode 480, Step 0: Acted on 1219 cells; score -13.6, population 4507, occupied cells: 1058
Episode 481, Step 0: Acted on 1223 cells; score -13.5, population 4349, occupied cells: 1056
Episode 482, Step 0: Acted on 1224 cells; score -13.7, population 4545, occupied cells: 1048
Episode 483, Step 0: Acted on 1221 cells; score -13.6, population 4463, occupied cells: 1034
Episode 484, Step 0: Acted on 1224 cells; score -13.6, population 4364, occupied cells: 1059
Episode 485, Step 0: Acted on 1222 cells; score -13.6, population 4412, occupied cells: 1045
Episode 486, Step 0: Acted on 1225 cells; score -13.7, population 4525, occupied cells: 1065
Episode 487, Step 0: Acted on 1219 cells; score -13.6, population 4449, occupied cells: 1067
Episode 488, Step 0: Acted on 1224 cells; score -13.7, population 4506, occupied cells: 1062
Episode 489, Step 0: Acted on 1222 cells; score -13.5, population 4332, occupied cells: 1046
Episode 490, Step 0: Acted on 1217 cells; score -13.6, population 4461, occupied cells: 1062
Episode 491, Step 0: Acted on 1222 cells; score -13.8, population 4652, occupied cells: 1056
Episode 492, Step 0: Acted on 1222 cells; score -13.6, population 4460, occupied cells: 1054
Episode 493, Step 0: Acted on 1222 cells; score -13.6, population 4490, occupied cells: 1058
Episode 494, Step 0: Acted on 1221 cells; score -13.5, population 4380, occupied cells: 1058
Episode 495, Step 0: Acted on 1220 cells; score -13.7, population 4522, occupied cells: 1064
Episode 496, Step 0: Acted on 1223 cells; score -13.6, population 4403, occupied cells: 1053
Episode 497, Step 0: Acted on 1222 cells; score -13.8, population 4656, occupied cells: 1045
Episode 498, Step 0: Acted on 1224 cells; score -13.6, population 4376, occupied cells: 1056
Episode 499, Step 0: Acted on 1223 cells; score -13.7, population 4583, occupied cells: 1052
Episode 500, Step 0: Acted on 1222 cells; score -13.6, population 4450, occupied cells: 1053
Episode 501, Step 0: Acted on 1220 cells; score -13.6, population 4472, occupied cells: 1060
Episode 502, Step 0: Acted on 1223 cells; score -13.6, population 4391, occupied cells: 1041
Episode 503, Step 0: Acted on 1224 cells; score -13.6, population 4450, occupied cells: 1048
Episode 504, Step 0: Acted on 1223 cells; score -13.6, population 4456, occupied cells: 1050
Episode 505, Step 0: Acted on 1217 cells; score -13.5, population 4394, occupied cells: 1062
Episode 506, Step 0: Acted on 1221 cells; score -13.6, population 4474, occupied cells: 1060
Episode 507, Step 0: Acted on 1223 cells; score -13.7, population 4506, occupied cells: 1062
Episode 508, Step 0: Acted on 1222 cells; score -13.6, population 4393, occupied cells: 1049
Episode 509, Step 0: Acted on 1220 cells; score -13.7, population 4562, occupied cells: 1056
Episode 510, Step 0: Acted on 1223 cells; score -13.6, population 4456, occupied cells: 1045
Episode 511, Step 0: Acted on 1221 cells; score -13.6, population 4392, occupied cells: 1049
Episode 512, Step 0: Acted on 1223 cells; score -13.5, population 4320, occupied cells: 1058
Episode 513, Step 0: Acted on 1221 cells; score -13.7, population 4565, occupied cells: 1039
Episode 514, Step 0: Acted on 1220 cells; score -13.7, population 4566, occupied cells: 1052
Episode 515, Step 0: Acted on 1220 cells; score -13.6, population 4472, occupied cells: 1059
Episode 516, Step 0: Acted on 1221 cells; score -13.6, population 4442, occupied cells: 1049
Episode 517, Step 0: Acted on 1223 cells; score -13.7, population 4609, occupied cells: 1062
Episode 518, Step 0: Acted on 1222 cells; score -13.7, population 4506, occupied cells: 1049
Episode 519, Step 0: Acted on 1219 cells; score -13.6, population 4421, occupied cells: 1051
Episode 520, Step 0: Acted on 1221 cells; score -13.7, population 4518, occupied cells: 1045
Episode 521, Step 0: Acted on 1223 cells; score -13.6, population 4475, occupied cells: 1057
Episode 522, Step 0: Acted on 1223 cells; score -13.6, population 4469, occupied cells: 1044
Episode 523, Step 0: Acted on 1223 cells; score -13.6, population 4476, occupied cells: 1053
Episode 524, Step 0: Acted on 1223 cells; score -13.7, population 4542, occupied cells: 1058
Episode 525, Step 0: Acted on 1223 cells; score -13.5, population 4348, occupied cells: 1056
Episode 526, Step 0: Acted on 1219 cells; score -13.6, population 4441, occupied cells: 1058
Episode 527, Step 0: Acted on 1221 cells; score -13.6, population 4491, occupied cells: 1044
Episode 528, Step 0: Acted on 1221 cells; score -13.6, population 4510, occupied cells: 1048
Episode 529, Step 0: Acted on 1221 cells; score -13.5, population 4358, occupied cells: 1065
Episode 530, Step 0: Acted on 1224 cells; score -13.6, population 4423, occupied cells: 1061
Episode 531, Step 0: Acted on 1222 cells; score -13.8, population 4657, occupied cells: 1056
Episode 532, Step 0: Acted on 1223 cells; score -13.6, population 4454, occupied cells: 1060
Episode 533, Step 0: Acted on 1222 cells; score -13.7, population 4608, occupied cells: 1054
Episode 534, Step 0: Acted on 1223 cells; score -13.8, population 4649, occupied cells: 1059
Episode 535, Step 0: Acted on 1222 cells; score -13.5, population 4339, occupied cells: 1054
Episode 536, Step 0: Acted on 1223 cells; score -13.6, population 4426, occupied cells: 1061
Episode 537, Step 0: Acted on 1223 cells; score -13.6, population 4403, occupied cells: 1069
Episode 538, Step 0: Acted on 1222 cells; score -13.7, population 4602, occupied cells: 1057
Episode 539, Step 0: Acted on 1223 cells; score -13.6, population 4441, occupied cells: 1043
Episode 540, Step 0: Acted on 1219 cells; score -13.6, population 4502, occupied cells: 1064
Episode 541, Step 0: Acted on 1221 cells; score -13.7, population 4537, occupied cells: 1065
Episode 542, Step 0: Acted on 1223 cells; score -13.7, population 4542, occupied cells: 1058
Episode 543, Step 0: Acted on 1222 cells; score -13.6, population 4396, occupied cells: 1056
Episode 544, Step 0: Acted on 1220 cells; score -13.5, population 4392, occupied cells: 1048
Episode 545, Step 0: Acted on 1222 cells; score -13.6, population 4449, occupied cells: 1051
Episode 546, Step 0: Acted on 1224 cells; score -13.6, population 4477, occupied cells: 1047
Episode 547, Step 0: Acted on 1222 cells; score -13.6, population 4415, occupied cells: 1067
Episode 548, Step 0: Acted on 1220 cells; score -13.5, population 4302, occupied cells: 1054
Episode 549, Step 0: Acted on 1223 cells; score -13.7, population 4555, occupied cells: 1048
Episode 550, Step 0: Acted on 1224 cells; score -13.5, population 4263, occupied cells: 1042
Episode 551, Step 0: Acted on 1223 cells; score -13.6, population 4480, occupied cells: 1054
Episode 552, Step 0: Acted on 1220 cells; score -13.6, population 4517, occupied cells: 1055
Episode 553, Step 0: Acted on 1224 cells; score -13.6, population 4372, occupied cells: 1063
Episode 554, Step 0: Acted on 1222 cells; score -13.6, population 4423, occupied cells: 1053
Episode 555, Step 0: Acted on 1222 cells; score -13.8, population 4636, occupied cells: 1072
Episode 556, Step 0: Acted on 1223 cells; score -13.5, population 4296, occupied cells: 1058
Episode 557, Step 0: Acted on 1224 cells; score -13.6, population 4403, occupied cells: 1056
Episode 558, Step 0: Acted on 1220 cells; score -13.6, population 4492, occupied cells: 1052
Episode 559, Step 0: Acted on 1224 cells; score -13.6, population 4380, occupied cells: 1038
Episode 560, Step 0: Acted on 1221 cells; score -13.6, population 4492, occupied cells: 1055
Episode 561, Step 0: Acted on 1220 cells; score -13.6, population 4473, occupied cells: 1063
Episode 562, Step 0: Acted on 1221 cells; score -13.6, population 4422, occupied cells: 1050
Episode 563, Step 0: Acted on 1219 cells; score -13.5, population 4376, occupied cells: 1046
Episode 564, Step 0: Acted on 1224 cells; score -13.6, population 4363, occupied cells: 1060
Episode 565, Step 0: Acted on 1220 cells; score -13.6, population 4503, occupied cells: 1069
Episode 566, Step 0: Acted on 1222 cells; score -13.7, population 4517, occupied cells: 1061
Episode 567, Step 0: Acted on 1222 cells; score -13.6, population 4421, occupied cells: 1062
Episode 568, Step 0: Acted on 1221 cells; score -13.7, population 4533, occupied cells: 1047
Episode 569, Step 0: Acted on 1224 cells; score -13.7, population 4519, occupied cells: 1042
Episode 570, Step 0: Acted on 1222 cells; score -13.6, population 4454, occupied cells: 1065
Episode 571, Step 0: Acted on 1222 cells; score -13.6, population 4387, occupied cells: 1048
Episode 572, Step 0: Acted on 1222 cells; score -13.7, population 4559, occupied cells: 1048
Episode 573, Step 0: Acted on 1221 cells; score -13.6, population 4399, occupied cells: 1046
Episode 574, Step 0: Acted on 1223 cells; score -13.8, population 4626, occupied cells: 1051
Episode 575, Step 0: Acted on 1222 cells; score -13.8, population 4642, occupied cells: 1052
Episode 576, Step 0: Acted on 1220 cells; score -13.7, population 4566, occupied cells: 1070
Episode 577, Step 0: Acted on 1223 cells; score -13.6, population 4451, occupied cells: 1051
Episode 578, Step 0: Acted on 1220 cells; score -13.5, population 4391, occupied cells: 1046
Episode 579, Step 0: Acted on 1222 cells; score -13.5, population 4367, occupied cells: 1055
Episode 580, Step 0: Acted on 1223 cells; score -13.6, population 4385, occupied cells: 1052
Episode 581, Step 0: Acted on 1224 cells; score -13.6, population 4400, occupied cells: 1061
Episode 582, Step 0: Acted on 1222 cells; score -13.6, population 4428, occupied cells: 1052
Episode 583, Step 0: Acted on 1221 cells; score -13.6, population 4474, occupied cells: 1051
Episode 584, Step 0: Acted on 1223 cells; score -13.7, population 4539, occupied cells: 1053
Episode 585, Step 0: Acted on 1221 cells; score -13.6, population 4461, occupied cells: 1064
Episode 586, Step 0: Acted on 1223 cells; score -13.7, population 4544, occupied cells: 1067
Episode 587, Step 0: Acted on 1222 cells; score -13.6, population 4473, occupied cells: 1064
Episode 588, Step 0: Acted on 1223 cells; score -13.6, population 4452, occupied cells: 1053
Episode 589, Step 0: Acted on 1222 cells; score -13.8, population 4693, occupied cells: 1056
Episode 590, Step 0: Acted on 1221 cells; score -13.7, population 4564, occupied cells: 1064
Episode 591, Step 0: Acted on 1223 cells; score -13.5, population 4340, occupied cells: 1060
Episode 592, Step 0: Acted on 1221 cells; score -13.5, population 4321, occupied cells: 1053
Episode 593, Step 0: Acted on 1220 cells; score -13.6, population 4482, occupied cells: 1061
Episode 594, Step 0: Acted on 1224 cells; score -13.7, population 4525, occupied cells: 1062
Episode 595, Step 0: Acted on 1221 cells; score -13.7, population 4546, occupied cells: 1058
Episode 596, Step 0: Acted on 1222 cells; score -13.7, population 4543, occupied cells: 1048
Episode 597, Step 0: Acted on 1225 cells; score -13.6, population 4468, occupied cells: 1060
Episode 598, Step 0: Acted on 1222 cells; score -13.5, population 4296, occupied cells: 1067
Episode 599, Step 0: Acted on 1222 cells; score -13.6, population 4426, occupied cells: 1052
Episode 600, Step 0: Acted on 1224 cells; score -13.6, population 4476, occupied cells: 1056
Episode 601, Step 0: Acted on 1222 cells; score -13.6, population 4412, occupied cells: 1038
Episode 602, Step 0: Acted on 1223 cells; score -13.6, population 4423, occupied cells: 1061
Episode 603, Step 0: Acted on 1222 cells; score -13.7, population 4559, occupied cells: 1050
Episode 604, Step 0: Acted on 1223 cells; score -13.5, population 4314, occupied cells: 1056
Episode 605, Step 0: Acted on 1221 cells; score -13.7, population 4544, occupied cells: 1061
Episode 606, Step 0: Acted on 1223 cells; score -13.6, population 4424, occupied cells: 1055
Episode 607, Step 0: Acted on 1221 cells; score -13.7, population 4555, occupied cells: 1050
Episode 608, Step 0: Acted on 1217 cells; score -13.5, population 4375, occupied cells: 1045
Episode 609, Step 0: Acted on 1222 cells; score -13.7, population 4569, occupied cells: 1056
Episode 610, Step 0: Acted on 1224 cells; score -13.7, population 4582, occupied cells: 1053
Episode 611, Step 0: Acted on 1223 cells; score -13.6, population 4408, occupied cells: 1046
Episode 612, Step 0: Acted on 1223 cells; score -13.5, population 4328, occupied cells: 1069
Episode 613, Step 0: Acted on 1221 cells; score -13.6, population 4487, occupied cells: 1051
Episode 614, Step 0: Acted on 1223 cells; score -13.6, population 4451, occupied cells: 1053
Episode 615, Step 0: Acted on 1220 cells; score -13.8, population 4656, occupied cells: 1064
Episode 616, Step 0: Acted on 1221 cells; score -13.5, population 4386, occupied cells: 1063
Episode 617, Step 0: Acted on 1222 cells; score -13.5, population 4340, occupied cells: 1044
Episode 618, Step 0: Acted on 1221 cells; score -13.7, population 4557, occupied cells: 1040
Episode 619, Step 0: Acted on 1224 cells; score -13.6, population 4434, occupied cells: 1053
Episode 620, Step 0: Acted on 1225 cells; score -13.8, population 4627, occupied cells: 1064
Episode 621, Step 0: Acted on 1221 cells; score -13.7, population 4603, occupied cells: 1064
Episode 622, Step 0: Acted on 1221 cells; score -13.6, population 4433, occupied cells: 1056
Episode 623, Step 0: Acted on 1224 cells; score -13.6, population 4414, occupied cells: 1046
Episode 624, Step 0: Acted on 1221 cells; score -13.6, population 4488, occupied cells: 1057
Episode 625, Step 0: Acted on 1225 cells; score -13.6, population 4435, occupied cells: 1051
Episode 626, Step 0: Acted on 1221 cells; score -13.6, population 4474, occupied cells: 1047
Episode 627, Step 0: Acted on 1222 cells; score -13.6, population 4460, occupied cells: 1047
Episode 628, Step 0: Acted on 1221 cells; score -13.6, population 4406, occupied cells: 1047
Episode 629, Step 0: Acted on 1223 cells; score -13.7, population 4538, occupied cells: 1047
Episode 630, Step 0: Acted on 1224 cells; score -13.6, population 4420, occupied cells: 1057
Episode 631, Step 0: Acted on 1222 cells; score -13.7, population 4570, occupied cells: 1072
Episode 632, Step 0: Acted on 1224 cells; score -13.7, population 4531, occupied cells: 1060
Episode 633, Step 0: Acted on 1222 cells; score -13.5, population 4276, occupied cells: 1064
Episode 634, Step 0: Acted on 1222 cells; score -13.6, population 4455, occupied cells: 1055
Episode 635, Step 0: Acted on 1220 cells; score -13.6, population 4414, occupied cells: 1050
Episode 636, Step 0: Acted on 1225 cells; score -13.7, population 4494, occupied cells: 1060
Episode 637, Step 0: Acted on 1222 cells; score -13.7, population 4526, occupied cells: 1052
Episode 638, Step 0: Acted on 1222 cells; score -13.7, population 4532, occupied cells: 1050
Episode 639, Step 0: Acted on 1219 cells; score -13.6, population 4464, occupied cells: 1054
Episode 640, Step 0: Acted on 1225 cells; score -13.7, population 4495, occupied cells: 1054
Episode 641, Step 0: Acted on 1219 cells; score -13.5, population 4368, occupied cells: 1062
Episode 642, Step 0: Acted on 1222 cells; score -13.5, population 4362, occupied cells: 1045
Episode 643, Step 0: Acted on 1225 cells; score -13.6, population 4390, occupied cells: 1059
Episode 644, Step 0: Acted on 1224 cells; score -13.6, population 4427, occupied cells: 1052
Episode 645, Step 0: Acted on 1224 cells; score -13.5, population 4305, occupied cells: 1048
Episode 646, Step 0: Acted on 1220 cells; score -13.5, population 4397, occupied cells: 1057
Episode 647, Step 0: Acted on 1220 cells; score -13.6, population 4507, occupied cells: 1068
Episode 648, Step 0: Acted on 1220 cells; score -13.7, population 4585, occupied cells: 1054
Episode 649, Step 0: Acted on 1221 cells; score -13.7, population 4586, occupied cells: 1050
Episode 650, Step 0: Acted on 1223 cells; score -13.7, population 4504, occupied cells: 1061
Episode 651, Step 0: Acted on 1221 cells; score -13.7, population 4547, occupied cells: 1045
Episode 652, Step 0: Acted on 1223 cells; score -13.8, population 4614, occupied cells: 1051
Episode 653, Step 0: Acted on 1222 cells; score -13.7, population 4512, occupied cells: 1060
Episode 654, Step 0: Acted on 1222 cells; score -13.4, population 4182, occupied cells: 1043
Episode 655, Step 0: Acted on 1225 cells; score -13.5, population 4336, occupied cells: 1053
Episode 656, Step 0: Acted on 1221 cells; score -13.5, population 4356, occupied cells: 1052
Episode 657, Step 0: Acted on 1223 cells; score -13.6, population 4482, occupied cells: 1056
Episode 658, Step 0: Acted on 1224 cells; score -13.6, population 4427, occupied cells: 1043
Episode 659, Step 0: Acted on 1220 cells; score -13.7, population 4535, occupied cells: 1044
Episode 660, Step 0: Acted on 1219 cells; score -13.6, population 4506, occupied cells: 1059
Episode 661, Step 0: Acted on 1224 cells; score -13.4, population 4236, occupied cells: 1047
Episode 662, Step 0: Acted on 1224 cells; score -13.7, population 4563, occupied cells: 1069
Episode 663, Step 0: Acted on 1221 cells; score -13.7, population 4590, occupied cells: 1057
Episode 664, Step 0: Acted on 1221 cells; score -13.6, population 4469, occupied cells: 1064
Episode 665, Step 0: Acted on 1223 cells; score -13.7, population 4575, occupied cells: 1057
Episode 666, Step 0: Acted on 1225 cells; score -13.5, population 4228, occupied cells: 1053
Episode 667, Step 0: Acted on 1222 cells; score -13.6, population 4445, occupied cells: 1046
Episode 668, Step 0: Acted on 1221 cells; score -13.5, population 4358, occupied cells: 1057
Episode 669, Step 0: Acted on 1222 cells; score -13.7, population 4538, occupied cells: 1039
Episode 670, Step 0: Acted on 1221 cells; score -13.6, population 4420, occupied cells: 1048
Episode 671, Step 0: Acted on 1222 cells; score -13.6, population 4439, occupied cells: 1048
Episode 672, Step 0: Acted on 1221 cells; score -13.6, population 4485, occupied cells: 1054
Episode 673, Step 0: Acted on 1221 cells; score -13.6, population 4409, occupied cells: 1047
Episode 674, Step 0: Acted on 1222 cells; score -13.6, population 4473, occupied cells: 1057
Episode 675, Step 0: Acted on 1223 cells; score -13.7, population 4531, occupied cells: 1054
Episode 676, Step 0: Acted on 1225 cells; score -13.7, population 4488, occupied cells: 1056
Episode 677, Step 0: Acted on 1219 cells; score -13.7, population 4609, occupied cells: 1081
Episode 678, Step 0: Acted on 1220 cells; score -13.6, population 4427, occupied cells: 1059
Episode 679, Step 0: Acted on 1224 cells; score -13.7, population 4526, occupied cells: 1057
Episode 680, Step 0: Acted on 1222 cells; score -13.5, population 4303, occupied cells: 1055
Episode 681, Step 0: Acted on 1224 cells; score -13.6, population 4466, occupied cells: 1049
Episode 682, Step 0: Acted on 1216 cells; score -13.6, population 4448, occupied cells: 1056
Episode 683, Step 0: Acted on 1222 cells; score -13.7, population 4566, occupied cells: 1058
Episode 684, Step 0: Acted on 1222 cells; score -13.7, population 4555, occupied cells: 1055
Episode 685, Step 0: Acted on 1221 cells; score -13.8, population 4646, occupied cells: 1054
Episode 686, Step 0: Acted on 1225 cells; score -13.7, population 4527, occupied cells: 1047
Episode 687, Step 0: Acted on 1223 cells; score -13.5, population 4344, occupied cells: 1055
Episode 688, Step 0: Acted on 1221 cells; score -13.6, population 4410, occupied cells: 1059
Episode 689, Step 0: Acted on 1221 cells; score -13.5, population 4369, occupied cells: 1052
Episode 690, Step 0: Acted on 1221 cells; score -13.7, population 4606, occupied cells: 1057
Episode 691, Step 0: Acted on 1223 cells; score -13.7, population 4499, occupied cells: 1047
Episode 692, Step 0: Acted on 1220 cells; score -13.8, population 4650, occupied cells: 1056
Episode 693, Step 0: Acted on 1219 cells; score -13.6, population 4526, occupied cells: 1060
Episode 694, Step 0: Acted on 1218 cells; score -13.7, population 4566, occupied cells: 1050
Episode 695, Step 0: Acted on 1225 cells; score -13.6, population 4405, occupied cells: 1050
Episode 696, Step 0: Acted on 1222 cells; score -13.6, population 4494, occupied cells: 1045
Episode 697, Step 0: Acted on 1224 cells; score -13.7, population 4492, occupied cells: 1042
Episode 698, Step 0: Acted on 1221 cells; score -13.6, population 4399, occupied cells: 1050
Episode 699, Step 0: Acted on 1222 cells; score -13.6, population 4435, occupied cells: 1054
Episode 700, Step 0: Acted on 1223 cells; score -13.6, population 4384, occupied cells: 1064
Episode 701, Step 0: Acted on 1219 cells; score -13.6, population 4453, occupied cells: 1057
Episode 702, Step 0: Acted on 1222 cells; score -13.6, population 4387, occupied cells: 1060
Episode 703, Step 0: Acted on 1223 cells; score -13.5, population 4346, occupied cells: 1057
Episode 704, Step 0: Acted on 1221 cells; score -13.6, population 4474, occupied cells: 1048
Episode 705, Step 0: Acted on 1222 cells; score -13.6, population 4448, occupied cells: 1050
Episode 706, Step 0: Acted on 1223 cells; score -13.5, population 4356, occupied cells: 1068
Episode 707, Step 0: Acted on 1224 cells; score -13.5, population 4275, occupied cells: 1047
Episode 708, Step 0: Acted on 1222 cells; score -13.6, population 4445, occupied cells: 1060
Episode 709, Step 0: Acted on 1221 cells; score -13.8, population 4681, occupied cells: 1048
Episode 710, Step 0: Acted on 1222 cells; score -13.5, population 4269, occupied cells: 1054
Episode 711, Step 0: Acted on 1222 cells; score -13.6, population 4390, occupied cells: 1047
Episode 712, Step 0: Acted on 1222 cells; score -13.5, population 4304, occupied cells: 1057
Episode 713, Step 0: Acted on 1222 cells; score -13.7, population 4515, occupied cells: 1059
Episode 714, Step 0: Acted on 1221 cells; score -13.5, population 4343, occupied cells: 1043
Episode 715, Step 0: Acted on 1225 cells; score -13.7, population 4502, occupied cells: 1057
Episode 716, Step 0: Acted on 1225 cells; score -13.7, population 4497, occupied cells: 1046
Episode 717, Step 0: Acted on 1220 cells; score -13.6, population 4461, occupied cells: 1053
Episode 718, Step 0: Acted on 1223 cells; score -13.7, population 4575, occupied cells: 1038
Episode 719, Step 0: Acted on 1223 cells; score -13.8, population 4617, occupied cells: 1047
Episode 720, Step 0: Acted on 1223 cells; score -13.5, population 4261, occupied cells: 1057
Episode 721, Step 0: Acted on 1225 cells; score -13.7, population 4549, occupied cells: 1051
Episode 722, Step 0: Acted on 1224 cells; score -13.6, population 4455, occupied cells: 1049
Episode 723, Step 0: Acted on 1224 cells; score -13.6, population 4370, occupied cells: 1049
Episode 724, Step 0: Acted on 1222 cells; score -13.6, population 4443, occupied cells: 1056
Episode 725, Step 0: Acted on 1223 cells; score -13.6, population 4399, occupied cells: 1044
Episode 726, Step 0: Acted on 1221 cells; score -13.5, population 4314, occupied cells: 1064
Episode 727, Step 0: Acted on 1222 cells; score -13.6, population 4495, occupied cells: 1066
Episode 728, Step 0: Acted on 1220 cells; score -13.6, population 4430, occupied cells: 1059
Episode 729, Step 0: Acted on 1222 cells; score -13.7, population 4504, occupied cells: 1059
Episode 730, Step 0: Acted on 1222 cells; score -13.6, population 4499, occupied cells: 1063
Episode 731, Step 0: Acted on 1221 cells; score -13.8, population 4669, occupied cells: 1050
Episode 732, Step 0: Acted on 1222 cells; score -13.5, population 4310, occupied cells: 1048
Episode 733, Step 0: Acted on 1225 cells; score -13.7, population 4507, occupied cells: 1059
Episode 734, Step 0: Acted on 1220 cells; score -13.6, population 4510, occupied cells: 1058
Episode 735, Step 0: Acted on 1224 cells; score -13.6, population 4453, occupied cells: 1047
Episode 736, Step 0: Acted on 1224 cells; score -13.6, population 4436, occupied cells: 1043
Episode 737, Step 0: Acted on 1221 cells; score -13.7, population 4512, occupied cells: 1053
Episode 738, Step 0: Acted on 1221 cells; score -13.6, population 4475, occupied cells: 1057
Episode 739, Step 0: Acted on 1223 cells; score -13.5, population 4360, occupied cells: 1044
Episode 740, Step 0: Acted on 1223 cells; score -13.5, population 4259, occupied cells: 1061
Episode 741, Step 0: Acted on 1225 cells; score -13.6, population 4376, occupied cells: 1043
Episode 742, Step 0: Acted on 1225 cells; score -13.7, population 4478, occupied cells: 1059
Episode 743, Step 0: Acted on 1221 cells; score -13.6, population 4505, occupied cells: 1063
Episode 744, Step 0: Acted on 1223 cells; score -13.5, population 4313, occupied cells: 1050
Episode 745, Step 0: Acted on 1224 cells; score -13.6, population 4399, occupied cells: 1042
Episode 746, Step 0: Acted on 1220 cells; score -13.7, population 4642, occupied cells: 1064
Episode 747, Step 0: Acted on 1222 cells; score -13.8, population 4640, occupied cells: 1075
Episode 748, Step 0: Acted on 1221 cells; score -13.5, population 4369, occupied cells: 1050
Episode 749, Step 0: Acted on 1222 cells; score -13.7, population 4562, occupied cells: 1054
Episode 750, Step 0: Acted on 1225 cells; score -13.4, population 4214, occupied cells: 1056
Episode 751, Step 0: Acted on 1225 cells; score -13.8, population 4659, occupied cells: 1081
Episode 752, Step 0: Acted on 1223 cells; score -13.7, population 4532, occupied cells: 1062
Episode 753, Step 0: Acted on 1223 cells; score -13.6, population 4451, occupied cells: 1037
Episode 754, Step 0: Acted on 1223 cells; score -13.7, population 4583, occupied cells: 1070
Episode 755, Step 0: Acted on 1224 cells; score -13.7, population 4557, occupied cells: 1047
Episode 756, Step 0: Acted on 1222 cells; score -13.5, population 4329, occupied cells: 1041
Episode 757, Step 0: Acted on 1221 cells; score -13.7, population 4552, occupied cells: 1057
Episode 758, Step 0: Acted on 1221 cells; score -13.6, population 4490, occupied cells: 1058
Episode 759, Step 0: Acted on 1221 cells; score -13.5, population 4353, occupied cells: 1051
Episode 760, Step 0: Acted on 1222 cells; score -13.6, population 4415, occupied cells: 1068
Episode 761, Step 0: Acted on 1221 cells; score -13.7, population 4514, occupied cells: 1063
Episode 762, Step 0: Acted on 1224 cells; score -13.7, population 4579, occupied cells: 1054
Episode 763, Step 0: Acted on 1225 cells; score -13.6, population 4366, occupied cells: 1053
Episode 764, Step 0: Acted on 1223 cells; score -13.7, population 4590, occupied cells: 1039
Episode 765, Step 0: Acted on 1224 cells; score -13.6, population 4426, occupied cells: 1049
Episode 766, Step 0: Acted on 1221 cells; score -13.5, population 4307, occupied cells: 1052
Episode 767, Step 0: Acted on 1224 cells; score -13.4, population 4181, occupied cells: 1053
Episode 768, Step 0: Acted on 1222 cells; score -13.9, population 4758, occupied cells: 1043
Episode 769, Step 0: Acted on 1222 cells; score -13.7, population 4550, occupied cells: 1062
Episode 770, Step 0: Acted on 1224 cells; score -13.6, population 4439, occupied cells: 1068
Episode 771, Step 0: Acted on 1223 cells; score -13.6, population 4374, occupied cells: 1065
Episode 772, Step 0: Acted on 1221 cells; score -13.6, population 4501, occupied cells: 1046
Episode 773, Step 0: Acted on 1221 cells; score -13.7, population 4557, occupied cells: 1047
Episode 774, Step 0: Acted on 1220 cells; score -13.5, population 4317, occupied cells: 1055
Episode 775, Step 0: Acted on 1220 cells; score -13.6, population 4464, occupied cells: 1043
Episode 776, Step 0: Acted on 1222 cells; score -13.6, population 4406, occupied cells: 1053
Episode 777, Step 0: Acted on 1222 cells; score -13.5, population 4298, occupied cells: 1042
Episode 778, Step 0: Acted on 1224 cells; score -13.7, population 4500, occupied cells: 1036
Episode 779, Step 0: Acted on 1221 cells; score -13.6, population 4506, occupied cells: 1047
Episode 780, Step 0: Acted on 1223 cells; score -13.5, population 4297, occupied cells: 1048
Episode 781, Step 0: Acted on 1224 cells; score -13.7, population 4562, occupied cells: 1055
Episode 782, Step 0: Acted on 1221 cells; score -13.6, population 4462, occupied cells: 1069
Episode 783, Step 0: Acted on 1223 cells; score -13.7, population 4492, occupied cells: 1059
Episode 784, Step 0: Acted on 1224 cells; score -13.6, population 4393, occupied cells: 1058
Episode 785, Step 0: Acted on 1224 cells; score -13.6, population 4463, occupied cells: 1054
Episode 786, Step 0: Acted on 1220 cells; score -13.7, population 4553, occupied cells: 1059
Episode 787, Step 0: Acted on 1223 cells; score -13.7, population 4585, occupied cells: 1046
Episode 788, Step 0: Acted on 1223 cells; score -13.7, population 4524, occupied cells: 1054
Episode 789, Step 0: Acted on 1223 cells; score -13.6, population 4394, occupied cells: 1050
Episode 790, Step 0: Acted on 1224 cells; score -13.6, population 4410, occupied cells: 1055
Episode 791, Step 0: Acted on 1223 cells; score -13.6, population 4401, occupied cells: 1066
Episode 792, Step 0: Acted on 1224 cells; score -13.5, population 4323, occupied cells: 1045
Episode 793, Step 0: Acted on 1222 cells; score -13.6, population 4481, occupied cells: 1045
Episode 794, Step 0: Acted on 1224 cells; score -13.7, population 4542, occupied cells: 1056
Episode 795, Step 0: Acted on 1222 cells; score -13.5, population 4260, occupied cells: 1049
Episode 796, Step 0: Acted on 1224 cells; score -13.7, population 4554, occupied cells: 1047
Episode 797, Step 0: Acted on 1223 cells; score -13.5, population 4252, occupied cells: 1050
Episode 798, Step 0: Acted on 1224 cells; score -13.6, population 4413, occupied cells: 1060
Episode 799, Step 0: Acted on 1223 cells; score -13.5, population 4257, occupied cells: 1054
Episode 800, Step 0: Acted on 1223 cells; score -13.6, population 4374, occupied cells: 1070
Episode 801, Step 0: Acted on 1219 cells; score -13.7, population 4652, occupied cells: 1060
Episode 802, Step 0: Acted on 1224 cells; score -13.5, population 4343, occupied cells: 1035
Episode 803, Step 0: Acted on 1222 cells; score -13.7, population 4548, occupied cells: 1033
Episode 804, Step 0: Acted on 1222 cells; score -13.6, population 4446, occupied cells: 1058
Episode 805, Step 0: Acted on 1218 cells; score -13.6, population 4487, occupied cells: 1037
Episode 806, Step 0: Acted on 1222 cells; score -13.5, population 4286, occupied cells: 1051
Episode 807, Step 0: Acted on 1222 cells; score -13.5, population 4323, occupied cells: 1044
Episode 808, Step 0: Acted on 1221 cells; score -13.7, population 4559, occupied cells: 1052
Episode 809, Step 0: Acted on 1222 cells; score -13.7, population 4504, occupied cells: 1057
Episode 810, Step 0: Acted on 1222 cells; score -13.7, population 4616, occupied cells: 1066
Episode 811, Step 0: Acted on 1221 cells; score -13.7, population 4607, occupied cells: 1061
Episode 812, Step 0: Acted on 1224 cells; score -13.6, population 4391, occupied cells: 1067
Episode 813, Step 0: Acted on 1223 cells; score -13.5, population 4362, occupied cells: 1054
Episode 814, Step 0: Acted on 1224 cells; score -13.7, population 4526, occupied cells: 1055
Episode 815, Step 0: Acted on 1225 cells; score -13.6, population 4455, occupied cells: 1062
Episode 816, Step 0: Acted on 1224 cells; score -13.6, population 4451, occupied cells: 1052
Episode 817, Step 0: Acted on 1221 cells; score -13.7, population 4550, occupied cells: 1061
Episode 818, Step 0: Acted on 1223 cells; score -13.6, population 4435, occupied cells: 1051
Episode 819, Step 0: Acted on 1225 cells; score -13.6, population 4471, occupied cells: 1058
Episode 820, Step 0: Acted on 1219 cells; score -13.5, population 4356, occupied cells: 1048
Episode 821, Step 0: Acted on 1222 cells; score -13.6, population 4379, occupied cells: 1043
Episode 822, Step 0: Acted on 1221 cells; score -13.6, population 4493, occupied cells: 1064
Episode 823, Step 0: Acted on 1224 cells; score -13.6, population 4442, occupied cells: 1050
Episode 824, Step 0: Acted on 1221 cells; score -13.6, population 4405, occupied cells: 1063
Episode 825, Step 0: Acted on 1222 cells; score -13.6, population 4388, occupied cells: 1047
Episode 826, Step 0: Acted on 1224 cells; score -13.6, population 4401, occupied cells: 1047
Episode 827, Step 0: Acted on 1223 cells; score -13.6, population 4432, occupied cells: 1054
Episode 828, Step 0: Acted on 1224 cells; score -13.6, population 4437, occupied cells: 1042
Episode 829, Step 0: Acted on 1222 cells; score -13.6, population 4468, occupied cells: 1049
Episode 830, Step 0: Acted on 1224 cells; score -13.6, population 4451, occupied cells: 1069
Episode 831, Step 0: Acted on 1225 cells; score -13.6, population 4389, occupied cells: 1063
Episode 832, Step 0: Acted on 1225 cells; score -13.7, population 4482, occupied cells: 1054
Episode 833, Step 0: Acted on 1222 cells; score -13.7, population 4527, occupied cells: 1068
Episode 834, Step 0: Acted on 1225 cells; score -13.7, population 4579, occupied cells: 1067
Episode 835, Step 0: Acted on 1223 cells; score -13.6, population 4470, occupied cells: 1063
Episode 836, Step 0: Acted on 1224 cells; score -13.5, population 4267, occupied cells: 1058
Episode 837, Step 0: Acted on 1222 cells; score -13.4, population 4253, occupied cells: 1068
Episode 838, Step 0: Acted on 1224 cells; score -13.5, population 4334, occupied cells: 1048
Episode 839, Step 0: Acted on 1221 cells; score -13.5, population 4279, occupied cells: 1041
Episode 840, Step 0: Acted on 1223 cells; score -13.5, population 4314, occupied cells: 1056
Episode 841, Step 0: Acted on 1223 cells; score -13.5, population 4318, occupied cells: 1060
Episode 842, Step 0: Acted on 1223 cells; score -13.6, population 4459, occupied cells: 1050
Episode 843, Step 0: Acted on 1223 cells; score -13.6, population 4435, occupied cells: 1063
Episode 844, Step 0: Acted on 1224 cells; score -13.6, population 4426, occupied cells: 1062
Episode 845, Step 0: Acted on 1224 cells; score -13.5, population 4251, occupied cells: 1055
Episode 846, Step 0: Acted on 1222 cells; score -13.6, population 4482, occupied cells: 1067
Episode 847, Step 0: Acted on 1223 cells; score -13.6, population 4389, occupied cells: 1048
Episode 848, Step 0: Acted on 1223 cells; score -13.7, population 4599, occupied cells: 1052
Episode 849, Step 0: Acted on 1225 cells; score -13.6, population 4392, occupied cells: 1056
Episode 850, Step 0: Acted on 1224 cells; score -13.6, population 4385, occupied cells: 1055
Episode 851, Step 0: Acted on 1218 cells; score -13.7, population 4652, occupied cells: 1065
Episode 852, Step 0: Acted on 1225 cells; score -13.5, population 4323, occupied cells: 1060
Episode 853, Step 0: Acted on 1225 cells; score -13.7, population 4556, occupied cells: 1055
Episode 854, Step 0: Acted on 1224 cells; score -13.7, population 4515, occupied cells: 1053
Episode 855, Step 0: Acted on 1222 cells; score -13.6, population 4420, occupied cells: 1054
Episode 856, Step 0: Acted on 1220 cells; score -13.7, population 4535, occupied cells: 1056
Episode 857, Step 0: Acted on 1222 cells; score -13.5, population 4373, occupied cells: 1072
Episode 858, Step 0: Acted on 1217 cells; score -13.7, population 4571, occupied cells: 1056
Episode 859, Step 0: Acted on 1221 cells; score -13.7, population 4545, occupied cells: 1070
Episode 860, Step 0: Acted on 1224 cells; score -13.6, population 4451, occupied cells: 1060
Episode 861, Step 0: Acted on 1220 cells; score -13.7, population 4543, occupied cells: 1050
Episode 862, Step 0: Acted on 1224 cells; score -13.5, population 4287, occupied cells: 1057
Episode 863, Step 0: Acted on 1223 cells; score -13.6, population 4413, occupied cells: 1054
Episode 864, Step 0: Acted on 1225 cells; score -13.7, population 4565, occupied cells: 1071
Episode 865, Step 0: Acted on 1220 cells; score -13.6, population 4442, occupied cells: 1036
Episode 866, Step 0: Acted on 1222 cells; score -13.7, population 4604, occupied cells: 1053
Episode 867, Step 0: Acted on 1224 cells; score -13.7, population 4531, occupied cells: 1061
Episode 868, Step 0: Acted on 1222 cells; score -13.7, population 4541, occupied cells: 1059
Episode 869, Step 0: Acted on 1219 cells; score -13.7, population 4555, occupied cells: 1052
Episode 870, Step 0: Acted on 1223 cells; score -13.6, population 4376, occupied cells: 1059
Episode 871, Step 0: Acted on 1219 cells; score -13.6, population 4438, occupied cells: 1063
Episode 872, Step 0: Acted on 1222 cells; score -13.6, population 4468, occupied cells: 1052
Episode 873, Step 0: Acted on 1223 cells; score -13.7, population 4512, occupied cells: 1051
Episode 874, Step 0: Acted on 1225 cells; score -13.7, population 4580, occupied cells: 1044
Episode 875, Step 0: Acted on 1223 cells; score -13.5, population 4283, occupied cells: 1041
Episode 876, Step 0: Acted on 1222 cells; score -13.6, population 4435, occupied cells: 1050
Episode 877, Step 0: Acted on 1224 cells; score -13.6, population 4448, occupied cells: 1052
Episode 878, Step 0: Acted on 1224 cells; score -13.6, population 4368, occupied cells: 1054
Episode 879, Step 0: Acted on 1224 cells; score -13.4, population 4173, occupied cells: 1064
Episode 880, Step 0: Acted on 1221 cells; score -13.6, population 4405, occupied cells: 1061
Episode 881, Step 0: Acted on 1224 cells; score -13.6, population 4404, occupied cells: 1050
Episode 882, Step 0: Acted on 1224 cells; score -13.5, population 4340, occupied cells: 1047
Episode 883, Step 0: Acted on 1224 cells; score -13.6, population 4419, occupied cells: 1048
Episode 884, Step 0: Acted on 1223 cells; score -13.6, population 4425, occupied cells: 1051
Episode 885, Step 0: Acted on 1222 cells; score -13.7, population 4534, occupied cells: 1058
Episode 886, Step 0: Acted on 1224 cells; score -13.6, population 4395, occupied cells: 1046
Episode 887, Step 0: Acted on 1219 cells; score -13.5, population 4307, occupied cells: 1052
Episode 888, Step 0: Acted on 1224 cells; score -13.6, population 4472, occupied cells: 1059
Episode 889, Step 0: Acted on 1221 cells; score -13.7, population 4570, occupied cells: 1049
Episode 890, Step 0: Acted on 1224 cells; score -13.6, population 4425, occupied cells: 1064
Episode 891, Step 0: Acted on 1221 cells; score -13.7, population 4520, occupied cells: 1050
Episode 892, Step 0: Acted on 1224 cells; score -13.6, population 4413, occupied cells: 1052
Episode 893, Step 0: Acted on 1221 cells; score -13.5, population 4377, occupied cells: 1041
Episode 894, Step 0: Acted on 1221 cells; score -13.7, population 4518, occupied cells: 1061
Episode 895, Step 0: Acted on 1223 cells; score -13.5, population 4314, occupied cells: 1071
Episode 896, Step 0: Acted on 1224 cells; score -13.5, population 4351, occupied cells: 1054
Episode 897, Step 0: Acted on 1222 cells; score -13.6, population 4498, occupied cells: 1062
Episode 898, Step 0: Acted on 1224 cells; score -13.5, population 4279, occupied cells: 1045
Episode 899, Step 0: Acted on 1222 cells; score -13.7, population 4507, occupied cells: 1060
Episode 900, Step 0: Acted on 1223 cells; score -13.5, population 4306, occupied cells: 1054
Episode 901, Step 0: Acted on 1220 cells; score -13.7, population 4631, occupied cells: 1059
Episode 902, Step 0: Acted on 1223 cells; score -13.6, population 4379, occupied cells: 1056
Episode 903, Step 0: Acted on 1221 cells; score -13.6, population 4469, occupied cells: 1064
Episode 904, Step 0: Acted on 1221 cells; score -13.5, population 4383, occupied cells: 1064
Episode 905, Step 0: Acted on 1221 cells; score -13.7, population 4533, occupied cells: 1058
Episode 906, Step 0: Acted on 1223 cells; score -13.6, population 4453, occupied cells: 1048
Episode 907, Step 0: Acted on 1223 cells; score -13.6, population 4459, occupied cells: 1067
Episode 908, Step 0: Acted on 1222 cells; score -13.5, population 4346, occupied cells: 1050
Episode 909, Step 0: Acted on 1223 cells; score -13.6, population 4391, occupied cells: 1050
Episode 910, Step 0: Acted on 1224 cells; score -13.8, population 4639, occupied cells: 1063
Episode 911, Step 0: Acted on 1221 cells; score -13.8, population 4634, occupied cells: 1047
Episode 912, Step 0: Acted on 1221 cells; score -13.7, population 4600, occupied cells: 1061
Episode 913, Step 0: Acted on 1221 cells; score -13.8, population 4742, occupied cells: 1040
Episode 914, Step 0: Acted on 1223 cells; score -13.6, population 4389, occupied cells: 1061
Episode 915, Step 0: Acted on 1220 cells; score -13.7, population 4552, occupied cells: 1061
Episode 916, Step 0: Acted on 1218 cells; score -13.5, population 4406, occupied cells: 1063
Episode 917, Step 0: Acted on 1221 cells; score -13.8, population 4673, occupied cells: 1066
Episode 918, Step 0: Acted on 1218 cells; score -13.6, population 4448, occupied cells: 1043
Episode 919, Step 0: Acted on 1220 cells; score -13.7, population 4616, occupied cells: 1051
Episode 920, Step 0: Acted on 1223 cells; score -13.8, population 4700, occupied cells: 1062
Episode 921, Step 0: Acted on 1223 cells; score -13.6, population 4394, occupied cells: 1060
Episode 922, Step 0: Acted on 1223 cells; score -13.6, population 4402, occupied cells: 1049
Episode 923, Step 0: Acted on 1224 cells; score -13.6, population 4450, occupied cells: 1045
Episode 924, Step 0: Acted on 1222 cells; score -13.7, population 4542, occupied cells: 1052
Episode 925, Step 0: Acted on 1225 cells; score -13.6, population 4433, occupied cells: 1059
Episode 926, Step 0: Acted on 1223 cells; score -13.7, population 4533, occupied cells: 1052
Episode 927, Step 0: Acted on 1224 cells; score -13.5, population 4343, occupied cells: 1048
Episode 928, Step 0: Acted on 1225 cells; score -13.5, population 4346, occupied cells: 1049
Episode 929, Step 0: Acted on 1222 cells; score -13.6, population 4450, occupied cells: 1063
Episode 930, Step 0: Acted on 1223 cells; score -13.6, population 4468, occupied cells: 1054
Episode 931, Step 0: Acted on 1223 cells; score -13.6, population 4374, occupied cells: 1054
Episode 932, Step 0: Acted on 1222 cells; score -13.6, population 4398, occupied cells: 1052
Episode 933, Step 0: Acted on 1222 cells; score -13.7, population 4537, occupied cells: 1060
Episode 934, Step 0: Acted on 1224 cells; score -13.5, population 4350, occupied cells: 1050
Episode 935, Step 0: Acted on 1224 cells; score -13.7, population 4518, occupied cells: 1056
Episode 936, Step 0: Acted on 1223 cells; score -13.5, population 4276, occupied cells: 1050
Episode 937, Step 0: Acted on 1221 cells; score -13.5, population 4336, occupied cells: 1061
Episode 938, Step 0: Acted on 1222 cells; score -13.7, population 4555, occupied cells: 1053
Episode 939, Step 0: Acted on 1225 cells; score -13.7, population 4537, occupied cells: 1074
Episode 940, Step 0: Acted on 1222 cells; score -13.6, population 4388, occupied cells: 1045
Episode 941, Step 0: Acted on 1224 cells; score -13.6, population 4460, occupied cells: 1076
Episode 942, Step 0: Acted on 1222 cells; score -13.6, population 4417, occupied cells: 1052
Episode 943, Step 0: Acted on 1222 cells; score -13.8, population 4648, occupied cells: 1048
Episode 944, Step 0: Acted on 1225 cells; score -13.7, population 4516, occupied cells: 1062
Episode 945, Step 0: Acted on 1219 cells; score -13.7, population 4636, occupied cells: 1037
Episode 946, Step 0: Acted on 1223 cells; score -13.5, population 4366, occupied cells: 1041
Episode 947, Step 0: Acted on 1225 cells; score -13.6, population 4386, occupied cells: 1060
Episode 948, Step 0: Acted on 1223 cells; score -13.6, population 4448, occupied cells: 1060
Episode 949, Step 0: Acted on 1221 cells; score -13.7, population 4579, occupied cells: 1077
Episode 950, Step 0: Acted on 1224 cells; score -13.5, population 4310, occupied cells: 1047
Episode 951, Step 0: Acted on 1225 cells; score -13.5, population 4300, occupied cells: 1044
Episode 952, Step 0: Acted on 1223 cells; score -13.5, population 4352, occupied cells: 1052
Episode 953, Step 0: Acted on 1222 cells; score -13.7, population 4503, occupied cells: 1055
Episode 954, Step 0: Acted on 1222 cells; score -13.7, population 4605, occupied cells: 1072
Episode 955, Step 0: Acted on 1223 cells; score -13.7, population 4537, occupied cells: 1059
Episode 956, Step 0: Acted on 1224 cells; score -13.7, population 4510, occupied cells: 1046
Episode 957, Step 0: Acted on 1225 cells; score -13.5, population 4301, occupied cells: 1055
Episode 958, Step 0: Acted on 1224 cells; score -13.4, population 4223, occupied cells: 1060
Episode 959, Step 0: Acted on 1223 cells; score -13.8, population 4709, occupied cells: 1060
Episode 960, Step 0: Acted on 1224 cells; score -13.6, population 4420, occupied cells: 1058
Episode 961, Step 0: Acted on 1223 cells; score -13.6, population 4442, occupied cells: 1057
Episode 962, Step 0: Acted on 1223 cells; score -13.5, population 4345, occupied cells: 1051
Episode 963, Step 0: Acted on 1221 cells; score -13.5, population 4333, occupied cells: 1047
Episode 964, Step 0: Acted on 1219 cells; score -13.6, population 4417, occupied cells: 1070
Episode 965, Step 0: Acted on 1223 cells; score -13.7, population 4510, occupied cells: 1044
Episode 966, Step 0: Acted on 1225 cells; score -13.5, population 4292, occupied cells: 1051
Episode 967, Step 0: Acted on 1224 cells; score -13.5, population 4334, occupied cells: 1047
Episode 968, Step 0: Acted on 1223 cells; score -13.6, population 4389, occupied cells: 1059
Episode 969, Step 0: Acted on 1223 cells; score -13.7, population 4557, occupied cells: 1050
Episode 970, Step 0: Acted on 1222 cells; score -13.8, population 4631, occupied cells: 1061
Episode 971, Step 0: Acted on 1224 cells; score -13.6, population 4361, occupied cells: 1051
Episode 972, Step 0: Acted on 1221 cells; score -13.5, population 4351, occupied cells: 1056
Episode 973, Step 0: Acted on 1225 cells; score -13.5, population 4331, occupied cells: 1062
Episode 974, Step 0: Acted on 1222 cells; score -13.7, population 4513, occupied cells: 1059
Episode 975, Step 0: Acted on 1222 cells; score -13.5, population 4340, occupied cells: 1049
Episode 976, Step 0: Acted on 1224 cells; score -13.5, population 4352, occupied cells: 1052
Episode 977, Step 0: Acted on 1224 cells; score -13.6, population 4376, occupied cells: 1065
Episode 978, Step 0: Acted on 1225 cells; score -13.5, population 4346, occupied cells: 1044
Episode 979, Step 0: Acted on 1223 cells; score -13.7, population 4559, occupied cells: 1065
Episode 980, Step 0: Acted on 1222 cells; score -13.6, population 4441, occupied cells: 1055
Episode 981, Step 0: Acted on 1223 cells; score -13.5, population 4344, occupied cells: 1058
Episode 982, Step 0: Acted on 1224 cells; score -13.7, population 4482, occupied cells: 1062
Episode 983, Step 0: Acted on 1222 cells; score -13.6, population 4420, occupied cells: 1058
Episode 984, Step 0: Acted on 1223 cells; score -13.7, population 4497, occupied cells: 1055
Episode 985, Step 0: Acted on 1224 cells; score -13.5, population 4319, occupied cells: 1058
Episode 986, Step 0: Acted on 1221 cells; score -13.6, population 4429, occupied cells: 1067
Episode 987, Step 0: Acted on 1223 cells; score -13.7, population 4521, occupied cells: 1050
Episode 988, Step 0: Acted on 1222 cells; score -13.7, population 4552, occupied cells: 1055
Episode 989, Step 0: Acted on 1223 cells; score -13.6, population 4393, occupied cells: 1050
Episode 990, Step 0: Acted on 1224 cells; score -13.8, population 4605, occupied cells: 1067
Episode 991, Step 0: Acted on 1224 cells; score -13.7, population 4520, occupied cells: 1033
Episode 992, Step 0: Acted on 1224 cells; score -13.7, population 4586, occupied cells: 1061
Episode 993, Step 0: Acted on 1223 cells; score -13.7, population 4570, occupied cells: 1051
Episode 994, Step 0: Acted on 1217 cells; score -13.6, population 4492, occupied cells: 1048
Episode 995, Step 0: Acted on 1223 cells; score -13.6, population 4463, occupied cells: 1067
Episode 996, Step 0: Acted on 1224 cells; score -13.7, population 4537, occupied cells: 1044
Episode 997, Step 0: Acted on 1221 cells; score -13.6, population 4462, occupied cells: 1064
Episode 998, Step 0: Acted on 1222 cells; score -13.7, population 4538, occupied cells: 1052
Episode 999, Step 0: Acted on 1225 cells; score -13.8, population 4611, occupied cells: 1060
Training completed in 1251.821391582489 seconds.
